{"C:\\Users\\User\\Desktop\\chicken-kitchen-extreme\\actions\\auditAction.js": {"path":"C:\\Users\\User\\Desktop\\chicken-kitchen-extreme\\actions\\auditAction.js","statementMap":{"0":{"start":{"line":1,"column":16},"end":{"line":1,"column":77}},"1":{"start":{"line":2,"column":14},"end":{"line":2,"column":42}},"2":{"start":{"line":3,"column":16},"end":{"line":3,"column":45}},"3":{"start":{"line":5,"column":20},"end":{"line":11,"column":1}},"4":{"start":{"line":6,"column":4},"end":{"line":10,"column":5}},"5":{"start":{"line":7,"column":8},"end":{"line":7,"column":47}},"6":{"start":{"line":9,"column":8},"end":{"line":9,"column":27}},"7":{"start":{"line":13,"column":0},"end":{"line":13,"column":33}}},"fnMap":{"0":{"name":"(anonymous_0)","decl":{"start":{"line":5,"column":20},"end":{"line":5,"column":21}},"loc":{"start":{"line":5,"column":27},"end":{"line":11,"column":1}},"line":5}},"branchMap":{"0":{"loc":{"start":{"line":6,"column":4},"end":{"line":10,"column":5}},"type":"if","locations":[{"start":{"line":6,"column":4},"end":{"line":10,"column":5}},{"start":{"line":6,"column":4},"end":{"line":10,"column":5}}],"line":6}},"s":{"0":2,"1":2,"2":2,"3":2,"4":2,"5":1,"6":1,"7":2},"f":{"0":2},"b":{"0":[1,1]},"_coverageSchema":"1a1c01bbd47fc00a2c39e90264f33305004495a9","hash":"892883dcb61b9992b63b242be6dff26921c9e2c4"}
,"C:\\Users\\User\\Desktop\\chicken-kitchen-extreme\\actions\\budgetAction.js": {"path":"C:\\Users\\User\\Desktop\\chicken-kitchen-extreme\\actions\\budgetAction.js","statementMap":{"0":{"start":{"line":1,"column":16},"end":{"line":1,"column":77}},"1":{"start":{"line":2,"column":32},"end":{"line":2,"column":71}},"2":{"start":{"line":3,"column":16},"end":{"line":3,"column":45}},"3":{"start":{"line":4,"column":23},"end":{"line":4,"column":60}},"4":{"start":{"line":5,"column":21},"end":{"line":5,"column":56}},"5":{"start":{"line":7,"column":21},"end":{"line":26,"column":1}},"6":{"start":{"line":8,"column":4},"end":{"line":25,"column":5}},"7":{"start":{"line":9,"column":8},"end":{"line":9,"column":68}},"8":{"start":{"line":10,"column":8},"end":{"line":18,"column":9}},"9":{"start":{"line":11,"column":23},"end":{"line":11,"column":27}},"10":{"start":{"line":12,"column":25},"end":{"line":12,"column":39}},"11":{"start":{"line":13,"column":12},"end":{"line":13,"column":72}},"12":{"start":{"line":14,"column":27},"end":{"line":14,"column":84}},"13":{"start":{"line":15,"column":31},"end":{"line":15,"column":61}},"14":{"start":{"line":16,"column":28},"end":{"line":16,"column":69}},"15":{"start":{"line":17,"column":12},"end":{"line":17,"column":48}},"16":{"start":{"line":19,"column":8},"end":{"line":21,"column":9}},"17":{"start":{"line":20,"column":12},"end":{"line":20,"column":62}},"18":{"start":{"line":24,"column":4},"end":{"line":24,"column":23}},"19":{"start":{"line":28,"column":0},"end":{"line":28,"column":34}}},"fnMap":{"0":{"name":"(anonymous_0)","decl":{"start":{"line":7,"column":21},"end":{"line":7,"column":22}},"loc":{"start":{"line":7,"column":54},"end":{"line":26,"column":1}},"line":7}},"branchMap":{"0":{"loc":{"start":{"line":8,"column":4},"end":{"line":25,"column":5}},"type":"if","locations":[{"start":{"line":8,"column":4},"end":{"line":25,"column":5}},{"start":{"line":8,"column":4},"end":{"line":25,"column":5}}],"line":8},"1":{"loc":{"start":{"line":10,"column":8},"end":{"line":18,"column":9}},"type":"if","locations":[{"start":{"line":10,"column":8},"end":{"line":18,"column":9}},{"start":{"line":10,"column":8},"end":{"line":18,"column":9}}],"line":10},"2":{"loc":{"start":{"line":19,"column":8},"end":{"line":21,"column":9}},"type":"if","locations":[{"start":{"line":19,"column":8},"end":{"line":21,"column":9}},{"start":{"line":19,"column":8},"end":{"line":21,"column":9}}],"line":19}},"s":{"0":2,"1":2,"2":2,"3":2,"4":2,"5":2,"6":2,"7":1,"8":1,"9":1,"10":1,"11":1,"12":1,"13":1,"14":1,"15":1,"16":1,"17":0,"18":1,"19":2},"f":{"0":2},"b":{"0":[1,1],"1":[1,0],"2":[0,1]},"_coverageSchema":"1a1c01bbd47fc00a2c39e90264f33305004495a9","hash":"239975999c96d15a58351ebbb806146fee7d05ef"}
,"C:\\Users\\User\\Desktop\\chicken-kitchen-extreme\\actions\\buyAction.js": {"path":"C:\\Users\\User\\Desktop\\chicken-kitchen-extreme\\actions\\buyAction.js","statementMap":{"0":{"start":{"line":1,"column":16},"end":{"line":1,"column":77}},"1":{"start":{"line":2,"column":26},"end":{"line":2,"column":66}},"2":{"start":{"line":3,"column":19},"end":{"line":3,"column":52}},"3":{"start":{"line":4,"column":16},"end":{"line":4,"column":45}},"4":{"start":{"line":5,"column":23},"end":{"line":5,"column":60}},"5":{"start":{"line":6,"column":19},"end":{"line":6,"column":52}},"6":{"start":{"line":7,"column":21},"end":{"line":7,"column":56}},"7":{"start":{"line":9,"column":18},"end":{"line":47,"column":1}},"8":{"start":{"line":10,"column":4},"end":{"line":46,"column":5}},"9":{"start":{"line":11,"column":8},"end":{"line":11,"column":68}},"10":{"start":{"line":12,"column":21},"end":{"line":12,"column":25}},"11":{"start":{"line":13,"column":20},"end":{"line":13,"column":24}},"12":{"start":{"line":14,"column":30},"end":{"line":14,"column":75}},"13":{"start":{"line":15,"column":8},"end":{"line":43,"column":9}},"14":{"start":{"line":16,"column":12},"end":{"line":37,"column":13}},"15":{"start":{"line":17,"column":33},"end":{"line":17,"column":76}},"16":{"start":{"line":18,"column":35},"end":{"line":18,"column":68}},"17":{"start":{"line":19,"column":39},"end":{"line":19,"column":56}},"18":{"start":{"line":20,"column":45},"end":{"line":20,"column":117}},"19":{"start":{"line":21,"column":16},"end":{"line":31,"column":17}},"20":{"start":{"line":22,"column":32},"end":{"line":22,"column":164}},"21":{"start":{"line":23,"column":36},"end":{"line":23,"column":78}},"22":{"start":{"line":24,"column":20},"end":{"line":24,"column":56}},"23":{"start":{"line":27,"column":34},"end":{"line":27,"column":62}},"24":{"start":{"line":28,"column":36},"end":{"line":28,"column":72}},"25":{"start":{"line":29,"column":20},"end":{"line":29,"column":71}},"26":{"start":{"line":30,"column":20},"end":{"line":30,"column":56}},"27":{"start":{"line":33,"column":12},"end":{"line":37,"column":13}},"28":{"start":{"line":34,"column":16},"end":{"line":34,"column":65}},"29":{"start":{"line":36,"column":16},"end":{"line":36,"column":54}},"30":{"start":{"line":39,"column":26},"end":{"line":39,"column":89}},"31":{"start":{"line":40,"column":28},"end":{"line":40,"column":64}},"32":{"start":{"line":41,"column":12},"end":{"line":41,"column":63}},"33":{"start":{"line":42,"column":12},"end":{"line":42,"column":48}},"34":{"start":{"line":45,"column":8},"end":{"line":45,"column":27}},"35":{"start":{"line":49,"column":0},"end":{"line":49,"column":31}}},"fnMap":{"0":{"name":"(anonymous_0)","decl":{"start":{"line":9,"column":18},"end":{"line":9,"column":19}},"loc":{"start":{"line":9,"column":72},"end":{"line":47,"column":1}},"line":9}},"branchMap":{"0":{"loc":{"start":{"line":10,"column":4},"end":{"line":46,"column":5}},"type":"if","locations":[{"start":{"line":10,"column":4},"end":{"line":46,"column":5}},{"start":{"line":10,"column":4},"end":{"line":46,"column":5}}],"line":10},"1":{"loc":{"start":{"line":15,"column":8},"end":{"line":43,"column":9}},"type":"if","locations":[{"start":{"line":15,"column":8},"end":{"line":43,"column":9}},{"start":{"line":15,"column":8},"end":{"line":43,"column":9}}],"line":15},"2":{"loc":{"start":{"line":16,"column":12},"end":{"line":37,"column":13}},"type":"if","locations":[{"start":{"line":16,"column":12},"end":{"line":37,"column":13}},{"start":{"line":16,"column":12},"end":{"line":37,"column":13}}],"line":16},"3":{"loc":{"start":{"line":16,"column":16},"end":{"line":16,"column":58}},"type":"binary-expr","locations":[{"start":{"line":16,"column":16},"end":{"line":16,"column":27}},{"start":{"line":16,"column":31},"end":{"line":16,"column":58}}],"line":16},"4":{"loc":{"start":{"line":21,"column":16},"end":{"line":31,"column":17}},"type":"if","locations":[{"start":{"line":21,"column":16},"end":{"line":31,"column":17}},{"start":{"line":21,"column":16},"end":{"line":31,"column":17}}],"line":21},"5":{"loc":{"start":{"line":21,"column":20},"end":{"line":21,"column":66}},"type":"binary-expr","locations":[{"start":{"line":21,"column":20},"end":{"line":21,"column":41}},{"start":{"line":21,"column":45},"end":{"line":21,"column":66}}],"line":21},"6":{"loc":{"start":{"line":33,"column":12},"end":{"line":37,"column":13}},"type":"if","locations":[{"start":{"line":33,"column":12},"end":{"line":37,"column":13}},{"start":{"line":33,"column":12},"end":{"line":37,"column":13}}],"line":33}},"s":{"0":2,"1":2,"2":2,"3":2,"4":2,"5":2,"6":2,"7":2,"8":4,"9":3,"10":3,"11":3,"12":3,"13":3,"14":2,"15":1,"16":1,"17":1,"18":1,"19":1,"20":1,"21":1,"22":1,"23":0,"24":0,"25":0,"26":0,"27":1,"28":0,"29":1,"30":1,"31":1,"32":1,"33":1,"34":1,"35":2},"f":{"0":4},"b":{"0":[3,1],"1":[2,1],"2":[1,1],"3":[2,1],"4":[1,0],"5":[1,0],"6":[0,1]},"_coverageSchema":"1a1c01bbd47fc00a2c39e90264f33305004495a9","hash":"062a6ccce142cf97fdb50a5a9e3a529f9f174868"}
,"C:\\Users\\User\\Desktop\\chicken-kitchen-extreme\\actions\\orderAction.js": {"path":"C:\\Users\\User\\Desktop\\chicken-kitchen-extreme\\actions\\orderAction.js","statementMap":{"0":{"start":{"line":1,"column":16},"end":{"line":1,"column":45}},"1":{"start":{"line":2,"column":23},"end":{"line":2,"column":60}},"2":{"start":{"line":3,"column":21},"end":{"line":3,"column":56}},"3":{"start":{"line":4,"column":21},"end":{"line":4,"column":56}},"4":{"start":{"line":5,"column":19},"end":{"line":5,"column":52}},"5":{"start":{"line":7,"column":28},"end":{"line":28,"column":1}},"6":{"start":{"line":8,"column":4},"end":{"line":27,"column":7}},"7":{"start":{"line":9,"column":8},"end":{"line":23,"column":9}},"8":{"start":{"line":10,"column":36},"end":{"line":10,"column":38}},"9":{"start":{"line":11,"column":29},"end":{"line":11,"column":37}},"10":{"start":{"line":12,"column":25},"end":{"line":12,"column":33}},"11":{"start":{"line":13,"column":30},"end":{"line":13,"column":174}},"12":{"start":{"line":14,"column":12},"end":{"line":16,"column":96}},"13":{"start":{"line":17,"column":33},"end":{"line":17,"column":74}},"14":{"start":{"line":18,"column":12},"end":{"line":20,"column":57}},"15":{"start":{"line":21,"column":12},"end":{"line":21,"column":53}},"16":{"start":{"line":22,"column":12},"end":{"line":22,"column":67}},"17":{"start":{"line":24,"column":8},"end":{"line":26,"column":9}},"18":{"start":{"line":25,"column":12},"end":{"line":25,"column":62}},"19":{"start":{"line":30,"column":21},"end":{"line":55,"column":1}},"20":{"start":{"line":31,"column":4},"end":{"line":54,"column":6}},"21":{"start":{"line":32,"column":12},"end":{"line":49,"column":13}},"22":{"start":{"line":33,"column":40},"end":{"line":33,"column":42}},"23":{"start":{"line":34,"column":33},"end":{"line":34,"column":41}},"24":{"start":{"line":35,"column":29},"end":{"line":35,"column":37}},"25":{"start":{"line":36,"column":34},"end":{"line":36,"column":172}},"26":{"start":{"line":37,"column":16},"end":{"line":39,"column":100}},"27":{"start":{"line":41,"column":16},"end":{"line":45,"column":17}},"28":{"start":{"line":42,"column":20},"end":{"line":44,"column":22}},"29":{"start":{"line":43,"column":24},"end":{"line":43,"column":123}},"30":{"start":{"line":46,"column":37},"end":{"line":46,"column":78}},"31":{"start":{"line":47,"column":16},"end":{"line":47,"column":57}},"32":{"start":{"line":48,"column":16},"end":{"line":48,"column":71}},"33":{"start":{"line":50,"column":12},"end":{"line":52,"column":13}},"34":{"start":{"line":51,"column":16},"end":{"line":51,"column":66}},"35":{"start":{"line":57,"column":20},"end":{"line":105,"column":1}},"36":{"start":{"line":58,"column":24},"end":{"line":58,"column":52}},"37":{"start":{"line":59,"column":32},"end":{"line":59,"column":70}},"38":{"start":{"line":60,"column":4},"end":{"line":60,"column":64}},"39":{"start":{"line":61,"column":19},"end":{"line":61,"column":52}},"40":{"start":{"line":63,"column":4},"end":{"line":104,"column":5}},"41":{"start":{"line":64,"column":8},"end":{"line":100,"column":50}},"42":{"start":{"line":65,"column":12},"end":{"line":73,"column":13}},"43":{"start":{"line":67,"column":16},"end":{"line":72,"column":17}},"44":{"start":{"line":68,"column":20},"end":{"line":68,"column":103}},"45":{"start":{"line":70,"column":34},"end":{"line":70,"column":94}},"46":{"start":{"line":71,"column":20},"end":{"line":71,"column":66}},"47":{"start":{"line":74,"column":12},"end":{"line":83,"column":13}},"48":{"start":{"line":75,"column":16},"end":{"line":82,"column":17}},"49":{"start":{"line":77,"column":20},"end":{"line":77,"column":96}},"50":{"start":{"line":80,"column":34},"end":{"line":80,"column":82}},"51":{"start":{"line":81,"column":20},"end":{"line":81,"column":60}},"52":{"start":{"line":84,"column":12},"end":{"line":95,"column":36}},"53":{"start":{"line":85,"column":37},"end":{"line":85,"column":76}},"54":{"start":{"line":86,"column":16},"end":{"line":89,"column":17}},"55":{"start":{"line":88,"column":20},"end":{"line":88,"column":104}},"56":{"start":{"line":90,"column":16},"end":{"line":93,"column":17}},"57":{"start":{"line":92,"column":20},"end":{"line":92,"column":91}},"58":{"start":{"line":95,"column":17},"end":{"line":95,"column":36}},"59":{"start":{"line":97,"column":13},"end":{"line":100,"column":50}},"60":{"start":{"line":98,"column":12},"end":{"line":98,"column":62}},"61":{"start":{"line":100,"column":12},"end":{"line":100,"column":50}},"62":{"start":{"line":102,"column":9},"end":{"line":104,"column":5}},"63":{"start":{"line":103,"column":8},"end":{"line":103,"column":69}},"64":{"start":{"line":107,"column":0},"end":{"line":107,"column":33}}},"fnMap":{"0":{"name":"(anonymous_0)","decl":{"start":{"line":7,"column":28},"end":{"line":7,"column":29}},"loc":{"start":{"line":7,"column":95},"end":{"line":28,"column":1}},"line":7},"1":{"name":"(anonymous_1)","decl":{"start":{"line":8,"column":24},"end":{"line":8,"column":25}},"loc":{"start":{"line":8,"column":35},"end":{"line":27,"column":5}},"line":8},"2":{"name":"(anonymous_2)","decl":{"start":{"line":30,"column":21},"end":{"line":30,"column":22}},"loc":{"start":{"line":30,"column":88},"end":{"line":55,"column":1}},"line":30},"3":{"name":"(anonymous_3)","decl":{"start":{"line":31,"column":24},"end":{"line":31,"column":25}},"loc":{"start":{"line":31,"column":33},"end":{"line":53,"column":9}},"line":31},"4":{"name":"(anonymous_4)","decl":{"start":{"line":42,"column":44},"end":{"line":42,"column":45}},"loc":{"start":{"line":42,"column":63},"end":{"line":44,"column":21}},"line":42},"5":{"name":"(anonymous_5)","decl":{"start":{"line":57,"column":20},"end":{"line":57,"column":21}},"loc":{"start":{"line":57,"column":87},"end":{"line":105,"column":1}},"line":57}},"branchMap":{"0":{"loc":{"start":{"line":9,"column":8},"end":{"line":23,"column":9}},"type":"if","locations":[{"start":{"line":9,"column":8},"end":{"line":23,"column":9}},{"start":{"line":9,"column":8},"end":{"line":23,"column":9}}],"line":9},"1":{"loc":{"start":{"line":14,"column":25},"end":{"line":16,"column":95}},"type":"cond-expr","locations":[{"start":{"line":15,"column":16},"end":{"line":15,"column":110}},{"start":{"line":16,"column":16},"end":{"line":16,"column":95}}],"line":14},"2":{"loc":{"start":{"line":18,"column":12},"end":{"line":20,"column":56}},"type":"cond-expr","locations":[{"start":{"line":19,"column":18},"end":{"line":19,"column":112}},{"start":{"line":20,"column":18},"end":{"line":20,"column":56}}],"line":18},"3":{"loc":{"start":{"line":24,"column":8},"end":{"line":26,"column":9}},"type":"if","locations":[{"start":{"line":24,"column":8},"end":{"line":26,"column":9}},{"start":{"line":24,"column":8},"end":{"line":26,"column":9}}],"line":24},"4":{"loc":{"start":{"line":32,"column":12},"end":{"line":49,"column":13}},"type":"if","locations":[{"start":{"line":32,"column":12},"end":{"line":49,"column":13}},{"start":{"line":32,"column":12},"end":{"line":49,"column":13}}],"line":32},"5":{"loc":{"start":{"line":37,"column":29},"end":{"line":39,"column":99}},"type":"cond-expr","locations":[{"start":{"line":38,"column":20},"end":{"line":38,"column":108}},{"start":{"line":39,"column":20},"end":{"line":39,"column":99}}],"line":37},"6":{"loc":{"start":{"line":41,"column":16},"end":{"line":45,"column":17}},"type":"if","locations":[{"start":{"line":41,"column":16},"end":{"line":45,"column":17}},{"start":{"line":41,"column":16},"end":{"line":45,"column":17}}],"line":41},"7":{"loc":{"start":{"line":50,"column":12},"end":{"line":52,"column":13}},"type":"if","locations":[{"start":{"line":50,"column":12},"end":{"line":52,"column":13}},{"start":{"line":50,"column":12},"end":{"line":52,"column":13}}],"line":50},"8":{"loc":{"start":{"line":63,"column":4},"end":{"line":104,"column":5}},"type":"if","locations":[{"start":{"line":63,"column":4},"end":{"line":104,"column":5}},{"start":{"line":63,"column":4},"end":{"line":104,"column":5}}],"line":63},"9":{"loc":{"start":{"line":64,"column":8},"end":{"line":100,"column":50}},"type":"if","locations":[{"start":{"line":64,"column":8},"end":{"line":100,"column":50}},{"start":{"line":64,"column":8},"end":{"line":100,"column":50}}],"line":64},"10":{"loc":{"start":{"line":64,"column":11},"end":{"line":64,"column":53}},"type":"binary-expr","locations":[{"start":{"line":64,"column":11},"end":{"line":64,"column":22}},{"start":{"line":64,"column":26},"end":{"line":64,"column":53}}],"line":64},"11":{"loc":{"start":{"line":65,"column":12},"end":{"line":73,"column":13}},"type":"if","locations":[{"start":{"line":65,"column":12},"end":{"line":73,"column":13}},{"start":{"line":65,"column":12},"end":{"line":73,"column":13}}],"line":65},"12":{"loc":{"start":{"line":67,"column":16},"end":{"line":72,"column":17}},"type":"if","locations":[{"start":{"line":67,"column":16},"end":{"line":72,"column":17}},{"start":{"line":67,"column":16},"end":{"line":72,"column":17}}],"line":67},"13":{"loc":{"start":{"line":74,"column":12},"end":{"line":83,"column":13}},"type":"if","locations":[{"start":{"line":74,"column":12},"end":{"line":83,"column":13}},{"start":{"line":74,"column":12},"end":{"line":83,"column":13}}],"line":74},"14":{"loc":{"start":{"line":75,"column":16},"end":{"line":82,"column":17}},"type":"if","locations":[{"start":{"line":75,"column":16},"end":{"line":82,"column":17}},{"start":{"line":75,"column":16},"end":{"line":82,"column":17}}],"line":75},"15":{"loc":{"start":{"line":84,"column":12},"end":{"line":95,"column":36}},"type":"if","locations":[{"start":{"line":84,"column":12},"end":{"line":95,"column":36}},{"start":{"line":84,"column":12},"end":{"line":95,"column":36}}],"line":84},"16":{"loc":{"start":{"line":86,"column":16},"end":{"line":89,"column":17}},"type":"if","locations":[{"start":{"line":86,"column":16},"end":{"line":89,"column":17}},{"start":{"line":86,"column":16},"end":{"line":89,"column":17}}],"line":86},"17":{"loc":{"start":{"line":90,"column":16},"end":{"line":93,"column":17}},"type":"if","locations":[{"start":{"line":90,"column":16},"end":{"line":93,"column":17}},{"start":{"line":90,"column":16},"end":{"line":93,"column":17}}],"line":90},"18":{"loc":{"start":{"line":97,"column":13},"end":{"line":100,"column":50}},"type":"if","locations":[{"start":{"line":97,"column":13},"end":{"line":100,"column":50}},{"start":{"line":97,"column":13},"end":{"line":100,"column":50}}],"line":97},"19":{"loc":{"start":{"line":102,"column":9},"end":{"line":104,"column":5}},"type":"if","locations":[{"start":{"line":102,"column":9},"end":{"line":104,"column":5}},{"start":{"line":102,"column":9},"end":{"line":104,"column":5}}],"line":102}},"s":{"0":2,"1":2,"2":2,"3":2,"4":2,"5":2,"6":0,"7":0,"8":0,"9":0,"10":0,"11":0,"12":0,"13":0,"14":0,"15":0,"16":0,"17":0,"18":0,"19":2,"20":0,"21":0,"22":0,"23":0,"24":0,"25":0,"26":0,"27":0,"28":0,"29":0,"30":0,"31":0,"32":0,"33":0,"34":0,"35":2,"36":2,"37":2,"38":2,"39":2,"40":2,"41":2,"42":1,"43":0,"44":0,"45":0,"46":0,"47":1,"48":0,"49":0,"50":0,"51":0,"52":1,"53":0,"54":0,"55":0,"56":0,"57":0,"58":1,"59":1,"60":0,"61":1,"62":0,"63":0,"64":2},"f":{"0":0,"1":0,"2":0,"3":0,"4":0,"5":2},"b":{"0":[0,0],"1":[0,0],"2":[0,0],"3":[0,0],"4":[0,0],"5":[0,0],"6":[0,0],"7":[0,0],"8":[2,0],"9":[1,1],"10":[2,1],"11":[0,1],"12":[0,0],"13":[0,1],"14":[0,0],"15":[0,1],"16":[0,0],"17":[0,0],"18":[0,1],"19":[0,0]},"_coverageSchema":"1a1c01bbd47fc00a2c39e90264f33305004495a9","hash":"655e4ed79d874de010df501f775ed106dad82013"}
,"C:\\Users\\User\\Desktop\\chicken-kitchen-extreme\\actions\\tableAction.js": {"path":"C:\\Users\\User\\Desktop\\chicken-kitchen-extreme\\actions\\tableAction.js","statementMap":{"0":{"start":{"line":1,"column":16},"end":{"line":1,"column":77}},"1":{"start":{"line":2,"column":26},"end":{"line":2,"column":66}},"2":{"start":{"line":3,"column":16},"end":{"line":3,"column":45}},"3":{"start":{"line":4,"column":19},"end":{"line":4,"column":52}},"4":{"start":{"line":5,"column":21},"end":{"line":5,"column":62}},"5":{"start":{"line":6,"column":23},"end":{"line":6,"column":60}},"6":{"start":{"line":7,"column":19},"end":{"line":7,"column":52}},"7":{"start":{"line":8,"column":21},"end":{"line":8,"column":56}},"8":{"start":{"line":10,"column":20},"end":{"line":74,"column":1}},"9":{"start":{"line":11,"column":4},"end":{"line":73,"column":5}},"10":{"start":{"line":12,"column":22},"end":{"line":12,"column":48}},"11":{"start":{"line":13,"column":8},"end":{"line":13,"column":68}},"12":{"start":{"line":14,"column":8},"end":{"line":70,"column":9}},"13":{"start":{"line":15,"column":34},"end":{"line":17,"column":14}},"14":{"start":{"line":16,"column":16},"end":{"line":16,"column":66}},"15":{"start":{"line":16,"column":50},"end":{"line":16,"column":64}},"16":{"start":{"line":18,"column":31},"end":{"line":20,"column":14}},"17":{"start":{"line":19,"column":16},"end":{"line":19,"column":55}},"18":{"start":{"line":19,"column":43},"end":{"line":19,"column":53}},"19":{"start":{"line":21,"column":42},"end":{"line":24,"column":14}},"20":{"start":{"line":22,"column":34},"end":{"line":22,"column":99}},"21":{"start":{"line":22,"column":72},"end":{"line":22,"column":98}},"22":{"start":{"line":23,"column":16},"end":{"line":23,"column":44}},"23":{"start":{"line":26,"column":31},"end":{"line":26,"column":64}},"24":{"start":{"line":27,"column":49},"end":{"line":32,"column":14}},"25":{"start":{"line":28,"column":39},"end":{"line":28,"column":56}},"26":{"start":{"line":29,"column":40},"end":{"line":29,"column":111}},"27":{"start":{"line":31,"column":16},"end":{"line":31,"column":73}},"28":{"start":{"line":34,"column":12},"end":{"line":64,"column":13}},"29":{"start":{"line":35,"column":35},"end":{"line":35,"column":112}},"30":{"start":{"line":36,"column":32},"end":{"line":36,"column":73}},"31":{"start":{"line":37,"column":16},"end":{"line":37,"column":65}},"32":{"start":{"line":38,"column":16},"end":{"line":38,"column":52}},"33":{"start":{"line":40,"column":12},"end":{"line":64,"column":13}},"34":{"start":{"line":41,"column":35},"end":{"line":41,"column":109}},"35":{"start":{"line":42,"column":32},"end":{"line":42,"column":73}},"36":{"start":{"line":43,"column":16},"end":{"line":43,"column":66}},"37":{"start":{"line":44,"column":16},"end":{"line":44,"column":52}},"38":{"start":{"line":46,"column":12},"end":{"line":64,"column":13}},"39":{"start":{"line":47,"column":35},"end":{"line":47,"column":103}},"40":{"start":{"line":48,"column":32},"end":{"line":48,"column":73}},"41":{"start":{"line":49,"column":16},"end":{"line":49,"column":65}},"42":{"start":{"line":50,"column":16},"end":{"line":50,"column":52}},"43":{"start":{"line":51,"column":19},"end":{"line":64,"column":13}},"44":{"start":{"line":52,"column":36},"end":{"line":52,"column":105}},"45":{"start":{"line":53,"column":33},"end":{"line":53,"column":52}},"46":{"start":{"line":54,"column":16},"end":{"line":56,"column":17}},"47":{"start":{"line":55,"column":20},"end":{"line":55,"column":117}},"48":{"start":{"line":57,"column":32},"end":{"line":57,"column":73}},"49":{"start":{"line":58,"column":16},"end":{"line":58,"column":52}},"50":{"start":{"line":60,"column":30},"end":{"line":60,"column":58}},"51":{"start":{"line":61,"column":32},"end":{"line":61,"column":68}},"52":{"start":{"line":62,"column":16},"end":{"line":62,"column":66}},"53":{"start":{"line":63,"column":16},"end":{"line":63,"column":51}},"54":{"start":{"line":66,"column":8},"end":{"line":70,"column":9}},"55":{"start":{"line":67,"column":12},"end":{"line":67,"column":62}},"56":{"start":{"line":69,"column":12},"end":{"line":69,"column":50}},"57":{"start":{"line":72,"column":8},"end":{"line":72,"column":27}},"58":{"start":{"line":76,"column":0},"end":{"line":76,"column":33}}},"fnMap":{"0":{"name":"(anonymous_0)","decl":{"start":{"line":10,"column":20},"end":{"line":10,"column":21}},"loc":{"start":{"line":10,"column":85},"end":{"line":74,"column":1}},"line":10},"1":{"name":"(anonymous_1)","decl":{"start":{"line":15,"column":43},"end":{"line":15,"column":44}},"loc":{"start":{"line":15,"column":48},"end":{"line":17,"column":13}},"line":15},"2":{"name":"(anonymous_2)","decl":{"start":{"line":16,"column":38},"end":{"line":16,"column":39}},"loc":{"start":{"line":16,"column":50},"end":{"line":16,"column":64}},"line":16},"3":{"name":"(anonymous_3)","decl":{"start":{"line":18,"column":40},"end":{"line":18,"column":41}},"loc":{"start":{"line":18,"column":45},"end":{"line":20,"column":13}},"line":18},"4":{"name":"(anonymous_4)","decl":{"start":{"line":19,"column":35},"end":{"line":19,"column":36}},"loc":{"start":{"line":19,"column":43},"end":{"line":19,"column":53}},"line":19},"5":{"name":"(anonymous_5)","decl":{"start":{"line":21,"column":57},"end":{"line":21,"column":58}},"loc":{"start":{"line":21,"column":69},"end":{"line":24,"column":13}},"line":21},"6":{"name":"(anonymous_6)","decl":{"start":{"line":22,"column":55},"end":{"line":22,"column":56}},"loc":{"start":{"line":22,"column":72},"end":{"line":22,"column":98}},"line":22},"7":{"name":"(anonymous_7)","decl":{"start":{"line":27,"column":66},"end":{"line":27,"column":67}},"loc":{"start":{"line":27,"column":74},"end":{"line":32,"column":13}},"line":27}},"branchMap":{"0":{"loc":{"start":{"line":11,"column":4},"end":{"line":73,"column":5}},"type":"if","locations":[{"start":{"line":11,"column":4},"end":{"line":73,"column":5}},{"start":{"line":11,"column":4},"end":{"line":73,"column":5}}],"line":11},"1":{"loc":{"start":{"line":14,"column":8},"end":{"line":70,"column":9}},"type":"if","locations":[{"start":{"line":14,"column":8},"end":{"line":70,"column":9}},{"start":{"line":14,"column":8},"end":{"line":70,"column":9}}],"line":14},"2":{"loc":{"start":{"line":14,"column":12},"end":{"line":14,"column":33}},"type":"binary-expr","locations":[{"start":{"line":14,"column":12},"end":{"line":14,"column":23}},{"start":{"line":14,"column":27},"end":{"line":14,"column":33}}],"line":14},"3":{"loc":{"start":{"line":31,"column":23},"end":{"line":31,"column":72}},"type":"binary-expr","locations":[{"start":{"line":31,"column":23},"end":{"line":31,"column":43}},{"start":{"line":31,"column":47},"end":{"line":31,"column":72}}],"line":31},"4":{"loc":{"start":{"line":34,"column":12},"end":{"line":64,"column":13}},"type":"if","locations":[{"start":{"line":34,"column":12},"end":{"line":64,"column":13}},{"start":{"line":34,"column":12},"end":{"line":64,"column":13}}],"line":34},"5":{"loc":{"start":{"line":40,"column":12},"end":{"line":64,"column":13}},"type":"if","locations":[{"start":{"line":40,"column":12},"end":{"line":64,"column":13}},{"start":{"line":40,"column":12},"end":{"line":64,"column":13}}],"line":40},"6":{"loc":{"start":{"line":46,"column":12},"end":{"line":64,"column":13}},"type":"if","locations":[{"start":{"line":46,"column":12},"end":{"line":64,"column":13}},{"start":{"line":46,"column":12},"end":{"line":64,"column":13}}],"line":46},"7":{"loc":{"start":{"line":51,"column":19},"end":{"line":64,"column":13}},"type":"if","locations":[{"start":{"line":51,"column":19},"end":{"line":64,"column":13}},{"start":{"line":51,"column":19},"end":{"line":64,"column":13}}],"line":51},"8":{"loc":{"start":{"line":54,"column":16},"end":{"line":56,"column":17}},"type":"if","locations":[{"start":{"line":54,"column":16},"end":{"line":56,"column":17}},{"start":{"line":54,"column":16},"end":{"line":56,"column":17}}],"line":54},"9":{"loc":{"start":{"line":66,"column":8},"end":{"line":70,"column":9}},"type":"if","locations":[{"start":{"line":66,"column":8},"end":{"line":70,"column":9}},{"start":{"line":66,"column":8},"end":{"line":70,"column":9}}],"line":66}},"s":{"0":2,"1":2,"2":2,"3":2,"4":2,"5":2,"6":2,"7":2,"8":2,"9":7,"10":6,"11":6,"12":6,"13":5,"14":22,"15":55,"16":5,"17":22,"18":41,"19":5,"20":14,"21":25,"22":14,"23":5,"24":5,"25":7,"26":7,"27":7,"28":5,"29":1,"30":1,"31":1,"32":1,"33":4,"34":1,"35":1,"36":1,"37":1,"38":3,"39":1,"40":1,"41":1,"42":1,"43":2,"44":1,"45":1,"46":1,"47":0,"48":1,"49":1,"50":1,"51":1,"52":1,"53":1,"54":1,"55":0,"56":1,"57":1,"58":2},"f":{"0":7,"1":22,"2":55,"3":22,"4":41,"5":14,"6":25,"7":7},"b":{"0":[6,1],"1":[5,1],"2":[6,5],"3":[7,1],"4":[1,4],"5":[1,3],"6":[1,2],"7":[1,1],"8":[0,1],"9":[0,1]},"_coverageSchema":"1a1c01bbd47fc00a2c39e90264f33305004495a9","hash":"84aa490cdf654d90302c484160e714a40641754a"}
,"C:\\Users\\User\\Desktop\\chicken-kitchen-extreme\\actions\\throwTrashAwayAction.js": {"path":"C:\\Users\\User\\Desktop\\chicken-kitchen-extreme\\actions\\throwTrashAwayAction.js","statementMap":{"0":{"start":{"line":1,"column":19},"end":{"line":1,"column":52}},"1":{"start":{"line":4,"column":29},"end":{"line":8,"column":1}},"2":{"start":{"line":5,"column":22},"end":{"line":5,"column":32}},"3":{"start":{"line":6,"column":4},"end":{"line":6,"column":94}},"4":{"start":{"line":10,"column":0},"end":{"line":10,"column":42}}},"fnMap":{"0":{"name":"(anonymous_0)","decl":{"start":{"line":4,"column":29},"end":{"line":4,"column":30}},"loc":{"start":{"line":4,"column":40},"end":{"line":8,"column":1}},"line":4}},"branchMap":{},"s":{"0":1,"1":1,"2":0,"3":0,"4":1},"f":{"0":0},"b":{},"_coverageSchema":"1a1c01bbd47fc00a2c39e90264f33305004495a9","hash":"da1c1e4be28c9b3312117f4cd908295859570826"}
,"C:\\Users\\User\\Desktop\\chicken-kitchen-extreme\\handlers\\kitchenHandler.js": {"path":"C:\\Users\\User\\Desktop\\chicken-kitchen-extreme\\handlers\\kitchenHandler.js","statementMap":{"0":{"start":{"line":1,"column":32},"end":{"line":1,"column":71}},"1":{"start":{"line":2,"column":26},"end":{"line":2,"column":66}},"2":{"start":{"line":3,"column":14},"end":{"line":3,"column":42}},"3":{"start":{"line":4,"column":19},"end":{"line":4,"column":52}},"4":{"start":{"line":5,"column":19},"end":{"line":5,"column":52}},"5":{"start":{"line":7,"column":26},"end":{"line":7,"column":63}},"6":{"start":{"line":8,"column":17},"end":{"line":8,"column":64}},"7":{"start":{"line":11,"column":22},"end":{"line":13,"column":5}},"8":{"start":{"line":12,"column":8},"end":{"line":12,"column":52}},"9":{"start":{"line":12,"column":36},"end":{"line":12,"column":50}},"10":{"start":{"line":15,"column":27},"end":{"line":25,"column":5}},"11":{"start":{"line":16,"column":28},"end":{"line":16,"column":56}},"12":{"start":{"line":17,"column":8},"end":{"line":22,"column":9}},"13":{"start":{"line":18,"column":45},"end":{"line":18,"column":80}},"14":{"start":{"line":19,"column":12},"end":{"line":19,"column":79}},"15":{"start":{"line":21,"column":12},"end":{"line":21,"column":76}},"16":{"start":{"line":24,"column":8},"end":{"line":24,"column":69}},"17":{"start":{"line":27,"column":28},"end":{"line":33,"column":5}},"18":{"start":{"line":28,"column":33},"end":{"line":28,"column":78}},"19":{"start":{"line":29,"column":8},"end":{"line":31,"column":9}},"20":{"start":{"line":30,"column":12},"end":{"line":30,"column":36}},"21":{"start":{"line":32,"column":8},"end":{"line":32,"column":21}},"22":{"start":{"line":35,"column":12},"end":{"line":46,"column":5}},"23":{"start":{"line":36,"column":25},"end":{"line":36,"column":41}},"24":{"start":{"line":37,"column":27},"end":{"line":37,"column":60}},"25":{"start":{"line":38,"column":34},"end":{"line":38,"column":126}},"26":{"start":{"line":39,"column":32},"end":{"line":39,"column":123}},"27":{"start":{"line":40,"column":8},"end":{"line":44,"column":9}},"28":{"start":{"line":41,"column":12},"end":{"line":41,"column":79}},"29":{"start":{"line":42,"column":15},"end":{"line":44,"column":9}},"30":{"start":{"line":43,"column":12},"end":{"line":43,"column":96}},"31":{"start":{"line":45,"column":8},"end":{"line":45,"column":58}},"32":{"start":{"line":48,"column":18},"end":{"line":56,"column":5}},"33":{"start":{"line":49,"column":27},"end":{"line":49,"column":60}},"34":{"start":{"line":50,"column":31},"end":{"line":50,"column":48}},"35":{"start":{"line":51,"column":33},"end":{"line":51,"column":78}},"36":{"start":{"line":52,"column":31},"end":{"line":52,"column":66}},"37":{"start":{"line":53,"column":22},"end":{"line":53,"column":35}},"38":{"start":{"line":55,"column":8},"end":{"line":55,"column":120}},"39":{"start":{"line":58,"column":19},"end":{"line":63,"column":5}},"40":{"start":{"line":60,"column":26},"end":{"line":60,"column":62}},"41":{"start":{"line":61,"column":8},"end":{"line":61,"column":113}},"42":{"start":{"line":62,"column":8},"end":{"line":62,"column":24}},"43":{"start":{"line":65,"column":22},"end":{"line":69,"column":5}},"44":{"start":{"line":66,"column":24},"end":{"line":66,"column":45}},"45":{"start":{"line":67,"column":8},"end":{"line":67,"column":58}},"46":{"start":{"line":68,"column":8},"end":{"line":68,"column":44}},"47":{"start":{"line":72,"column":23},"end":{"line":72,"column":43}},"48":{"start":{"line":74,"column":0},"end":{"line":74,"column":32}}},"fnMap":{"0":{"name":"(anonymous_0)","decl":{"start":{"line":11,"column":22},"end":{"line":11,"column":23}},"loc":{"start":{"line":11,"column":41},"end":{"line":13,"column":5}},"line":11},"1":{"name":"(anonymous_1)","decl":{"start":{"line":12,"column":28},"end":{"line":12,"column":29}},"loc":{"start":{"line":12,"column":36},"end":{"line":12,"column":50}},"line":12},"2":{"name":"(anonymous_2)","decl":{"start":{"line":15,"column":27},"end":{"line":15,"column":28}},"loc":{"start":{"line":15,"column":33},"end":{"line":25,"column":5}},"line":15},"3":{"name":"(anonymous_3)","decl":{"start":{"line":27,"column":28},"end":{"line":27,"column":29}},"loc":{"start":{"line":27,"column":34},"end":{"line":33,"column":5}},"line":27},"4":{"name":"(anonymous_4)","decl":{"start":{"line":35,"column":12},"end":{"line":35,"column":13}},"loc":{"start":{"line":35,"column":78},"end":{"line":46,"column":5}},"line":35},"5":{"name":"(anonymous_5)","decl":{"start":{"line":48,"column":18},"end":{"line":48,"column":19}},"loc":{"start":{"line":48,"column":31},"end":{"line":56,"column":5}},"line":48},"6":{"name":"(anonymous_6)","decl":{"start":{"line":58,"column":19},"end":{"line":58,"column":20}},"loc":{"start":{"line":58,"column":39},"end":{"line":63,"column":5}},"line":58},"7":{"name":"(anonymous_7)","decl":{"start":{"line":65,"column":22},"end":{"line":65,"column":23}},"loc":{"start":{"line":65,"column":45},"end":{"line":69,"column":5}},"line":65}},"branchMap":{"0":{"loc":{"start":{"line":17,"column":8},"end":{"line":22,"column":9}},"type":"if","locations":[{"start":{"line":17,"column":8},"end":{"line":22,"column":9}},{"start":{"line":17,"column":8},"end":{"line":22,"column":9}}],"line":17},"1":{"loc":{"start":{"line":24,"column":15},"end":{"line":24,"column":68}},"type":"cond-expr","locations":[{"start":{"line":24,"column":33},"end":{"line":24,"column":44}},{"start":{"line":24,"column":47},"end":{"line":24,"column":68}}],"line":24},"2":{"loc":{"start":{"line":29,"column":8},"end":{"line":31,"column":9}},"type":"if","locations":[{"start":{"line":29,"column":8},"end":{"line":31,"column":9}},{"start":{"line":29,"column":8},"end":{"line":31,"column":9}}],"line":29},"3":{"loc":{"start":{"line":40,"column":8},"end":{"line":44,"column":9}},"type":"if","locations":[{"start":{"line":40,"column":8},"end":{"line":44,"column":9}},{"start":{"line":40,"column":8},"end":{"line":44,"column":9}}],"line":40},"4":{"loc":{"start":{"line":42,"column":15},"end":{"line":44,"column":9}},"type":"if","locations":[{"start":{"line":42,"column":15},"end":{"line":44,"column":9}},{"start":{"line":42,"column":15},"end":{"line":44,"column":9}}],"line":42},"5":{"loc":{"start":{"line":61,"column":8},"end":{"line":61,"column":112}},"type":"cond-expr","locations":[{"start":{"line":61,"column":33},"end":{"line":61,"column":74}},{"start":{"line":61,"column":77},"end":{"line":61,"column":112}}],"line":61}},"s":{"0":6,"1":6,"2":6,"3":6,"4":6,"5":6,"6":6,"7":6,"8":5,"9":11,"10":6,"11":3,"12":3,"13":2,"14":2,"15":1,"16":3,"17":6,"18":5,"19":5,"20":4,"21":1,"22":6,"23":1,"24":1,"25":1,"26":1,"27":1,"28":0,"29":1,"30":0,"31":1,"32":6,"33":0,"34":0,"35":0,"36":0,"37":0,"38":0,"39":6,"40":3,"41":3,"42":3,"43":6,"44":0,"45":0,"46":0,"47":6,"48":6},"f":{"0":5,"1":11,"2":3,"3":5,"4":1,"5":0,"6":3,"7":0},"b":{"0":[2,1],"1":[2,1],"2":[4,1],"3":[0,1],"4":[0,1],"5":[1,2]},"_coverageSchema":"1a1c01bbd47fc00a2c39e90264f33305004495a9","hash":"adfe0d7251a3d6e8e5a27969a40db204a0dbfc89"}
,"C:\\Users\\User\\Desktop\\chicken-kitchen-extreme\\helpers\\helpers.js": {"path":"C:\\Users\\User\\Desktop\\chicken-kitchen-extreme\\helpers\\helpers.js","statementMap":{"0":{"start":{"line":1,"column":19},"end":{"line":1,"column":52}},"1":{"start":{"line":3,"column":26},"end":{"line":3,"column":63}},"2":{"start":{"line":5,"column":27},"end":{"line":8,"column":1}},"3":{"start":{"line":6,"column":24},"end":{"line":6,"column":39}},"4":{"start":{"line":7,"column":4},"end":{"line":7,"column":45}},"5":{"start":{"line":10,"column":17},"end":{"line":14,"column":1}},"6":{"start":{"line":11,"column":20},"end":{"line":11,"column":46}},"7":{"start":{"line":12,"column":4},"end":{"line":12,"column":55}},"8":{"start":{"line":13,"column":4},"end":{"line":13,"column":19}},"9":{"start":{"line":17,"column":28},"end":{"line":26,"column":1}},"10":{"start":{"line":18,"column":24},"end":{"line":18,"column":35}},"11":{"start":{"line":19,"column":4},"end":{"line":25,"column":5}},"12":{"start":{"line":19,"column":18},"end":{"line":19,"column":19}},"13":{"start":{"line":20,"column":8},"end":{"line":24,"column":9}},"14":{"start":{"line":20,"column":30},"end":{"line":20,"column":53}},"15":{"start":{"line":21,"column":12},"end":{"line":21,"column":48}},"16":{"start":{"line":23,"column":12},"end":{"line":23,"column":76}},"17":{"start":{"line":28,"column":0},"end":{"line":32,"column":1}}},"fnMap":{"0":{"name":"(anonymous_0)","decl":{"start":{"line":5,"column":27},"end":{"line":5,"column":28}},"loc":{"start":{"line":5,"column":53},"end":{"line":8,"column":1}},"line":5},"1":{"name":"(anonymous_1)","decl":{"start":{"line":10,"column":17},"end":{"line":10,"column":18}},"loc":{"start":{"line":10,"column":24},"end":{"line":14,"column":1}},"line":10},"2":{"name":"(anonymous_2)","decl":{"start":{"line":17,"column":28},"end":{"line":17,"column":29}},"loc":{"start":{"line":17,"column":68},"end":{"line":26,"column":1}},"line":17},"3":{"name":"(anonymous_3)","decl":{"start":{"line":20,"column":22},"end":{"line":20,"column":23}},"loc":{"start":{"line":20,"column":30},"end":{"line":20,"column":53}},"line":20}},"branchMap":{"0":{"loc":{"start":{"line":20,"column":8},"end":{"line":24,"column":9}},"type":"if","locations":[{"start":{"line":20,"column":8},"end":{"line":24,"column":9}},{"start":{"line":20,"column":8},"end":{"line":24,"column":9}}],"line":20}},"s":{"0":10,"1":10,"2":10,"3":3,"4":3,"5":10,"6":4,"7":4,"8":4,"9":10,"10":18,"11":18,"12":18,"13":41,"14":312,"15":33,"16":8,"17":10},"f":{"0":3,"1":4,"2":18,"3":312},"b":{"0":[33,8]},"_coverageSchema":"1a1c01bbd47fc00a2c39e90264f33305004495a9","hash":"98e045047e763eba5bc33a7da3c3bae2e9896a74"}
,"C:\\Users\\User\\Desktop\\chicken-kitchen-extreme\\main\\lineReader.js": {"path":"C:\\Users\\User\\Desktop\\chicken-kitchen-extreme\\main\\lineReader.js","statementMap":{"0":{"start":{"line":1,"column":17},"end":{"line":1,"column":36}},"1":{"start":{"line":2,"column":19},"end":{"line":2,"column":52}},"2":{"start":{"line":3,"column":32},"end":{"line":3,"column":71}},"3":{"start":{"line":4,"column":26},"end":{"line":4,"column":66}},"4":{"start":{"line":5,"column":14},"end":{"line":5,"column":42}},"5":{"start":{"line":6,"column":19},"end":{"line":6,"column":52}},"6":{"start":{"line":7,"column":16},"end":{"line":7,"column":77}},"7":{"start":{"line":8,"column":23},"end":{"line":8,"column":60}},"8":{"start":{"line":9,"column":17},"end":{"line":9,"column":34}},"9":{"start":{"line":11,"column":26},"end":{"line":11,"column":63}},"10":{"start":{"line":12,"column":25},"end":{"line":12,"column":51}},"11":{"start":{"line":14,"column":11},"end":{"line":17,"column":2}},"12":{"start":{"line":19,"column":19},"end":{"line":45,"column":1}},"13":{"start":{"line":20,"column":4},"end":{"line":20,"column":36}},"14":{"start":{"line":21,"column":4},"end":{"line":21,"column":16}},"15":{"start":{"line":23,"column":4},"end":{"line":44,"column":7}},"16":{"start":{"line":24,"column":8},"end":{"line":24,"column":66}},"17":{"start":{"line":25,"column":22},"end":{"line":25,"column":67}},"18":{"start":{"line":26,"column":26},"end":{"line":26,"column":45}},"19":{"start":{"line":28,"column":30},"end":{"line":28,"column":75}},"20":{"start":{"line":29,"column":34},"end":{"line":29,"column":74}},"21":{"start":{"line":30,"column":32},"end":{"line":30,"column":67}},"22":{"start":{"line":31,"column":8},"end":{"line":31,"column":80}},"23":{"start":{"line":33,"column":23},"end":{"line":33,"column":56}},"24":{"start":{"line":33,"column":42},"end":{"line":33,"column":55}},"25":{"start":{"line":35,"column":8},"end":{"line":35,"column":21}},"26":{"start":{"line":37,"column":28},"end":{"line":37,"column":66}},"27":{"start":{"line":38,"column":8},"end":{"line":38,"column":46}},"28":{"start":{"line":39,"column":8},"end":{"line":39,"column":129}},"29":{"start":{"line":42,"column":8},"end":{"line":42,"column":41}},"30":{"start":{"line":43,"column":8},"end":{"line":43,"column":24}},"31":{"start":{"line":46,"column":0},"end":{"line":46,"column":13}},"32":{"start":{"line":48,"column":0},"end":{"line":48,"column":32}}},"fnMap":{"0":{"name":"(anonymous_0)","decl":{"start":{"line":19,"column":19},"end":{"line":19,"column":20}},"loc":{"start":{"line":19,"column":25},"end":{"line":45,"column":1}},"line":19},"1":{"name":"(anonymous_1)","decl":{"start":{"line":23,"column":19},"end":{"line":23,"column":20}},"loc":{"start":{"line":23,"column":36},"end":{"line":41,"column":5}},"line":23},"2":{"name":"(anonymous_2)","decl":{"start":{"line":33,"column":37},"end":{"line":33,"column":38}},"loc":{"start":{"line":33,"column":42},"end":{"line":33,"column":55}},"line":33},"3":{"name":"(anonymous_3)","decl":{"start":{"line":41,"column":19},"end":{"line":41,"column":20}},"loc":{"start":{"line":41,"column":30},"end":{"line":44,"column":5}},"line":41}},"branchMap":{},"s":{"0":1,"1":1,"2":1,"3":1,"4":1,"5":1,"6":1,"7":1,"8":1,"9":1,"10":1,"11":1,"12":1,"13":1,"14":1,"15":1,"16":0,"17":0,"18":0,"19":0,"20":0,"21":0,"22":0,"23":0,"24":0,"25":0,"26":0,"27":0,"28":0,"29":0,"30":0,"31":1,"32":1},"f":{"0":1,"1":0,"2":0,"3":0},"b":{},"_coverageSchema":"1a1c01bbd47fc00a2c39e90264f33305004495a9","hash":"73e8d6e65e672230dc64968f2a2fc26d24ca261c"}
,"C:\\Users\\User\\Desktop\\chicken-kitchen-extreme\\main\\main.js": {"path":"C:\\Users\\User\\Desktop\\chicken-kitchen-extreme\\main\\main.js","statementMap":{"0":{"start":{"line":1,"column":16},"end":{"line":1,"column":45}},"1":{"start":{"line":2,"column":23},"end":{"line":2,"column":60}},"2":{"start":{"line":3,"column":17},"end":{"line":3,"column":62}},"3":{"start":{"line":4,"column":16},"end":{"line":4,"column":77}},"4":{"start":{"line":5,"column":20},"end":{"line":5,"column":53}},"5":{"start":{"line":6,"column":21},"end":{"line":6,"column":55}},"6":{"start":{"line":7,"column":20},"end":{"line":7,"column":53}},"7":{"start":{"line":8,"column":18},"end":{"line":8,"column":49}},"8":{"start":{"line":9,"column":20},"end":{"line":9,"column":53}},"9":{"start":{"line":10,"column":29},"end":{"line":10,"column":71}},"10":{"start":{"line":12,"column":26},"end":{"line":12,"column":63}},"11":{"start":{"line":13,"column":14},"end":{"line":13,"column":61}},"12":{"start":{"line":14,"column":18},"end":{"line":14,"column":59}},"13":{"start":{"line":15,"column":15},"end":{"line":15,"column":41}},"14":{"start":{"line":16,"column":23},"end":{"line":16,"column":51}},"15":{"start":{"line":18,"column":13},"end":{"line":49,"column":1}},"16":{"start":{"line":19,"column":4},"end":{"line":48,"column":5}},"17":{"start":{"line":20,"column":8},"end":{"line":47,"column":9}},"18":{"start":{"line":21,"column":32},"end":{"line":21,"column":70}},"19":{"start":{"line":23,"column":25},"end":{"line":23,"column":29}},"20":{"start":{"line":24,"column":12},"end":{"line":46,"column":13}},"21":{"start":{"line":26,"column":20},"end":{"line":26,"column":89}},"22":{"start":{"line":27,"column":20},"end":{"line":27,"column":26}},"23":{"start":{"line":29,"column":20},"end":{"line":29,"column":118}},"24":{"start":{"line":30,"column":20},"end":{"line":30,"column":26}},"25":{"start":{"line":32,"column":20},"end":{"line":32,"column":74}},"26":{"start":{"line":33,"column":20},"end":{"line":33,"column":26}},"27":{"start":{"line":35,"column":20},"end":{"line":35,"column":104}},"28":{"start":{"line":36,"column":20},"end":{"line":36,"column":26}},"29":{"start":{"line":38,"column":20},"end":{"line":38,"column":46}},"30":{"start":{"line":39,"column":20},"end":{"line":39,"column":26}},"31":{"start":{"line":41,"column":20},"end":{"line":41,"column":68}},"32":{"start":{"line":42,"column":20},"end":{"line":42,"column":52}},"33":{"start":{"line":43,"column":20},"end":{"line":43,"column":25}},"34":{"start":{"line":45,"column":20},"end":{"line":45,"column":39}},"35":{"start":{"line":51,"column":0},"end":{"line":51,"column":25}}},"fnMap":{"0":{"name":"(anonymous_0)","decl":{"start":{"line":18,"column":13},"end":{"line":18,"column":14}},"loc":{"start":{"line":18,"column":25},"end":{"line":49,"column":1}},"line":18}},"branchMap":{"0":{"loc":{"start":{"line":20,"column":8},"end":{"line":47,"column":9}},"type":"if","locations":[{"start":{"line":20,"column":8},"end":{"line":47,"column":9}},{"start":{"line":20,"column":8},"end":{"line":47,"column":9}}],"line":20},"1":{"loc":{"start":{"line":20,"column":12},"end":{"line":20,"column":76}},"type":"binary-expr","locations":[{"start":{"line":20,"column":12},"end":{"line":20,"column":25}},{"start":{"line":20,"column":29},"end":{"line":20,"column":45}},{"start":{"line":20,"column":49},"end":{"line":20,"column":76}}],"line":20},"2":{"loc":{"start":{"line":24,"column":12},"end":{"line":46,"column":13}},"type":"switch","locations":[{"start":{"line":25,"column":16},"end":{"line":27,"column":26}},{"start":{"line":28,"column":16},"end":{"line":30,"column":26}},{"start":{"line":31,"column":16},"end":{"line":33,"column":26}},{"start":{"line":34,"column":16},"end":{"line":36,"column":26}},{"start":{"line":37,"column":16},"end":{"line":39,"column":26}},{"start":{"line":40,"column":16},"end":{"line":43,"column":25}},{"start":{"line":44,"column":16},"end":{"line":45,"column":39}}],"line":24}},"s":{"0":1,"1":1,"2":1,"3":1,"4":1,"5":1,"6":1,"7":1,"8":1,"9":1,"10":1,"11":1,"12":1,"13":1,"14":1,"15":1,"16":1,"17":3,"18":2,"19":2,"20":2,"21":0,"22":0,"23":0,"24":0,"25":0,"26":0,"27":0,"28":0,"29":0,"30":0,"31":0,"32":0,"33":0,"34":2,"35":1},"f":{"0":1},"b":{"0":[2,1],"1":[3,1,1],"2":[0,0,0,0,0,0,2]},"_coverageSchema":"1a1c01bbd47fc00a2c39e90264f33305004495a9","hash":"651b3f2c73d7fecfb46e5b7647f9d0c3f22cb5e7"}
,"C:\\Users\\User\\Desktop\\chicken-kitchen-extreme\\servises\\audit.js": {"path":"C:\\Users\\User\\Desktop\\chicken-kitchen-extreme\\servises\\audit.js","statementMap":{"0":{"start":{"line":1,"column":19},"end":{"line":1,"column":42}},"1":{"start":{"line":2,"column":19},"end":{"line":2,"column":52}},"2":{"start":{"line":4,"column":25},"end":{"line":4,"column":61}},"3":{"start":{"line":8,"column":8},"end":{"line":8,"column":28}},"4":{"start":{"line":11,"column":11},"end":{"line":21,"column":5}},"5":{"start":{"line":13,"column":12},"end":{"line":18,"column":13}},"6":{"start":{"line":20,"column":8},"end":{"line":20,"column":56}},"7":{"start":{"line":23,"column":10},"end":{"line":28,"column":5}},"8":{"start":{"line":24,"column":28},"end":{"line":24,"column":99}},"9":{"start":{"line":25,"column":24},"end":{"line":26,"column":18}},"10":{"start":{"line":27,"column":8},"end":{"line":27,"column":56}},"11":{"start":{"line":30,"column":17},"end":{"line":47,"column":5}},"12":{"start":{"line":31,"column":8},"end":{"line":31,"column":20}},"13":{"start":{"line":32,"column":8},"end":{"line":32,"column":36}},"14":{"start":{"line":34,"column":8},"end":{"line":44,"column":10}},"15":{"start":{"line":35,"column":30},"end":{"line":35,"column":85}},"16":{"start":{"line":38,"column":16},"end":{"line":42,"column":50}},"17":{"start":{"line":43,"column":12},"end":{"line":43,"column":60}},"18":{"start":{"line":45,"column":36},"end":{"line":45,"column":82}},"19":{"start":{"line":46,"column":8},"end":{"line":46,"column":48}},"20":{"start":{"line":49,"column":17},"end":{"line":51,"column":5}},"21":{"start":{"line":50,"column":8},"end":{"line":50,"column":35}},"22":{"start":{"line":54,"column":14},"end":{"line":54,"column":25}},"23":{"start":{"line":56,"column":0},"end":{"line":56,"column":23}}},"fnMap":{"0":{"name":"(anonymous_0)","decl":{"start":{"line":7,"column":4},"end":{"line":7,"column":5}},"loc":{"start":{"line":7,"column":18},"end":{"line":9,"column":5}},"line":7},"1":{"name":"(anonymous_1)","decl":{"start":{"line":11,"column":11},"end":{"line":11,"column":12}},"loc":{"start":{"line":11,"column":17},"end":{"line":21,"column":5}},"line":11},"2":{"name":"(anonymous_2)","decl":{"start":{"line":23,"column":10},"end":{"line":23,"column":11}},"loc":{"start":{"line":23,"column":63},"end":{"line":28,"column":5}},"line":23},"3":{"name":"(anonymous_3)","decl":{"start":{"line":30,"column":17},"end":{"line":30,"column":18}},"loc":{"start":{"line":30,"column":26},"end":{"line":47,"column":5}},"line":30},"4":{"name":"(anonymous_4)","decl":{"start":{"line":34,"column":31},"end":{"line":34,"column":32}},"loc":{"start":{"line":34,"column":40},"end":{"line":44,"column":9}},"line":34},"5":{"name":"(anonymous_5)","decl":{"start":{"line":49,"column":17},"end":{"line":49,"column":18}},"loc":{"start":{"line":49,"column":28},"end":{"line":51,"column":5}},"line":49}},"branchMap":{"0":{"loc":{"start":{"line":35,"column":30},"end":{"line":35,"column":85}},"type":"cond-expr","locations":[{"start":{"line":35,"column":49},"end":{"line":35,"column":61}},{"start":{"line":35,"column":64},"end":{"line":35,"column":85}}],"line":35}},"s":{"0":8,"1":8,"2":8,"3":8,"4":8,"5":0,"6":0,"7":8,"8":0,"9":0,"10":0,"11":8,"12":0,"13":0,"14":0,"15":0,"16":0,"17":0,"18":0,"19":0,"20":8,"21":1,"22":8,"23":8},"f":{"0":8,"1":0,"2":0,"3":0,"4":0,"5":1},"b":{"0":[0,0]},"_coverageSchema":"1a1c01bbd47fc00a2c39e90264f33305004495a9","hash":"abc5a1216745f7755578d985889fa3d626ad73d0"}
,"C:\\Users\\User\\Desktop\\chicken-kitchen-extreme\\servises\\buyService.js": {"path":"C:\\Users\\User\\Desktop\\chicken-kitchen-extreme\\servises\\buyService.js","statementMap":{"0":{"start":{"line":1,"column":17},"end":{"line":1,"column":62}},"1":{"start":{"line":2,"column":18},"end":{"line":2,"column":64}},"2":{"start":{"line":3,"column":19},"end":{"line":3,"column":66}},"3":{"start":{"line":4,"column":21},"end":{"line":4,"column":62}},"4":{"start":{"line":5,"column":29},"end":{"line":5,"column":90}},"5":{"start":{"line":6,"column":19},"end":{"line":6,"column":42}},"6":{"start":{"line":7,"column":32},"end":{"line":7,"column":61}},"7":{"start":{"line":8,"column":26},"end":{"line":8,"column":56}},"8":{"start":{"line":9,"column":19},"end":{"line":9,"column":42}},"9":{"start":{"line":10,"column":24},"end":{"line":10,"column":52}},"10":{"start":{"line":11,"column":21},"end":{"line":11,"column":46}},"11":{"start":{"line":12,"column":32},"end":{"line":12,"column":61}},"12":{"start":{"line":13,"column":21},"end":{"line":13,"column":56}},"13":{"start":{"line":15,"column":26},"end":{"line":15,"column":63}},"14":{"start":{"line":16,"column":24},"end":{"line":16,"column":52}},"15":{"start":{"line":17,"column":13},"end":{"line":17,"column":26}},"16":{"start":{"line":18,"column":13},"end":{"line":18,"column":41}},"17":{"start":{"line":19,"column":14},"end":{"line":19,"column":43}},"18":{"start":{"line":20,"column":15},"end":{"line":20,"column":52}},"19":{"start":{"line":24,"column":8},"end":{"line":24,"column":31}},"20":{"start":{"line":26,"column":19},"end":{"line":36,"column":5}},"21":{"start":{"line":27,"column":26},"end":{"line":27,"column":47}},"22":{"start":{"line":28,"column":29},"end":{"line":34,"column":10}},"23":{"start":{"line":29,"column":12},"end":{"line":33,"column":15}},"24":{"start":{"line":30,"column":16},"end":{"line":32,"column":17}},"25":{"start":{"line":31,"column":20},"end":{"line":31,"column":31}},"26":{"start":{"line":35,"column":8},"end":{"line":35,"column":50}},"27":{"start":{"line":38,"column":19},"end":{"line":41,"column":5}},"28":{"start":{"line":39,"column":26},"end":{"line":39,"column":48}},"29":{"start":{"line":40,"column":8},"end":{"line":40,"column":32}},"30":{"start":{"line":43,"column":16},"end":{"line":45,"column":5}},"31":{"start":{"line":44,"column":8},"end":{"line":44,"column":35}},"32":{"start":{"line":47,"column":13},"end":{"line":52,"column":5}},"33":{"start":{"line":48,"column":25},"end":{"line":48,"column":27}},"34":{"start":{"line":49,"column":29},"end":{"line":49,"column":54}},"35":{"start":{"line":50,"column":8},"end":{"line":50,"column":58}},"36":{"start":{"line":50,"column":33},"end":{"line":50,"column":56}},"37":{"start":{"line":51,"column":8},"end":{"line":51,"column":92}},"38":{"start":{"line":51,"column":60},"end":{"line":51,"column":74}},"39":{"start":{"line":54,"column":15},"end":{"line":57,"column":5}},"40":{"start":{"line":55,"column":30},"end":{"line":55,"column":79}},"41":{"start":{"line":56,"column":8},"end":{"line":56,"column":52}},"42":{"start":{"line":59,"column":21},"end":{"line":65,"column":5}},"43":{"start":{"line":60,"column":25},"end":{"line":60,"column":64}},"44":{"start":{"line":61,"column":8},"end":{"line":61,"column":71}},"45":{"start":{"line":62,"column":8},"end":{"line":62,"column":48}},"46":{"start":{"line":64,"column":8},"end":{"line":64,"column":44}},"47":{"start":{"line":67,"column":17},"end":{"line":87,"column":5}},"48":{"start":{"line":68,"column":27},"end":{"line":68,"column":60}},"49":{"start":{"line":69,"column":8},"end":{"line":86,"column":9}},"50":{"start":{"line":70,"column":12},"end":{"line":70,"column":152}},"51":{"start":{"line":71,"column":12},"end":{"line":71,"column":81}},"52":{"start":{"line":73,"column":8},"end":{"line":86,"column":9}},"53":{"start":{"line":74,"column":12},"end":{"line":74,"column":103}},"54":{"start":{"line":77,"column":12},"end":{"line":77,"column":44}},"55":{"start":{"line":78,"column":12},"end":{"line":78,"column":141}},"56":{"start":{"line":79,"column":12},"end":{"line":79,"column":159}},"57":{"start":{"line":80,"column":12},"end":{"line":80,"column":92}},"58":{"start":{"line":81,"column":12},"end":{"line":81,"column":66}},"59":{"start":{"line":82,"column":34},"end":{"line":82,"column":119}},"60":{"start":{"line":83,"column":24},"end":{"line":83,"column":98}},"61":{"start":{"line":84,"column":29},"end":{"line":84,"column":85}},"62":{"start":{"line":85,"column":12},"end":{"line":85,"column":87}},"63":{"start":{"line":89,"column":10},"end":{"line":102,"column":5}},"64":{"start":{"line":90,"column":32},"end":{"line":90,"column":34}},"65":{"start":{"line":91,"column":8},"end":{"line":91,"column":64}},"66":{"start":{"line":93,"column":30},"end":{"line":93,"column":81}},"67":{"start":{"line":95,"column":18},"end":{"line":95,"column":54}},"68":{"start":{"line":96,"column":8},"end":{"line":98,"column":9}},"69":{"start":{"line":97,"column":12},"end":{"line":97,"column":55}},"70":{"start":{"line":99,"column":24},"end":{"line":99,"column":132}},"71":{"start":{"line":100,"column":8},"end":{"line":100,"column":58}},"72":{"start":{"line":101,"column":8},"end":{"line":101,"column":32}},"73":{"start":{"line":104,"column":18},"end":{"line":122,"column":5}},"74":{"start":{"line":105,"column":32},"end":{"line":105,"column":34}},"75":{"start":{"line":106,"column":8},"end":{"line":106,"column":64}},"76":{"start":{"line":108,"column":30},"end":{"line":108,"column":81}},"77":{"start":{"line":110,"column":18},"end":{"line":110,"column":54}},"78":{"start":{"line":111,"column":8},"end":{"line":113,"column":9}},"79":{"start":{"line":112,"column":12},"end":{"line":112,"column":55}},"80":{"start":{"line":114,"column":8},"end":{"line":121,"column":9}},"81":{"start":{"line":115,"column":12},"end":{"line":115,"column":156}},"82":{"start":{"line":116,"column":15},"end":{"line":121,"column":9}},"83":{"start":{"line":117,"column":12},"end":{"line":117,"column":181}},"84":{"start":{"line":119,"column":24},"end":{"line":119,"column":98}},"85":{"start":{"line":120,"column":12},"end":{"line":120,"column":128}},"86":{"start":{"line":124,"column":12},"end":{"line":162,"column":5}},"87":{"start":{"line":125,"column":23},"end":{"line":125,"column":25}},"88":{"start":{"line":126,"column":8},"end":{"line":129,"column":11}},"89":{"start":{"line":127,"column":24},"end":{"line":127,"column":73}},"90":{"start":{"line":128,"column":12},"end":{"line":128,"column":29}},"91":{"start":{"line":131,"column":32},"end":{"line":131,"column":86}},"92":{"start":{"line":131,"column":52},"end":{"line":131,"column":85}},"93":{"start":{"line":133,"column":8},"end":{"line":161,"column":9}},"94":{"start":{"line":134,"column":29},"end":{"line":136,"column":17}},"95":{"start":{"line":135,"column":16},"end":{"line":135,"column":56}},"96":{"start":{"line":137,"column":29},"end":{"line":139,"column":17}},"97":{"start":{"line":138,"column":16},"end":{"line":138,"column":56}},"98":{"start":{"line":140,"column":12},"end":{"line":140,"column":117}},"99":{"start":{"line":141,"column":12},"end":{"line":151,"column":15}},"100":{"start":{"line":142,"column":35},"end":{"line":142,"column":68}},"101":{"start":{"line":143,"column":16},"end":{"line":143,"column":52}},"102":{"start":{"line":144,"column":38},"end":{"line":144,"column":141}},"103":{"start":{"line":145,"column":33},"end":{"line":145,"column":89}},"104":{"start":{"line":146,"column":16},"end":{"line":146,"column":170}},"105":{"start":{"line":147,"column":16},"end":{"line":147,"column":181}},"106":{"start":{"line":148,"column":16},"end":{"line":148,"column":110}},"107":{"start":{"line":149,"column":16},"end":{"line":149,"column":78}},"108":{"start":{"line":150,"column":16},"end":{"line":150,"column":100}},"109":{"start":{"line":152,"column":12},"end":{"line":152,"column":58}},"110":{"start":{"line":153,"column":12},"end":{"line":153,"column":72}},"111":{"start":{"line":155,"column":33},"end":{"line":157,"column":22}},"112":{"start":{"line":156,"column":16},"end":{"line":156,"column":57}},"113":{"start":{"line":158,"column":12},"end":{"line":158,"column":67}},"114":{"start":{"line":160,"column":12},"end":{"line":160,"column":45}},"115":{"start":{"line":164,"column":11},"end":{"line":175,"column":5}},"116":{"start":{"line":165,"column":25},"end":{"line":165,"column":79}},"117":{"start":{"line":166,"column":25},"end":{"line":166,"column":84}},"118":{"start":{"line":167,"column":8},"end":{"line":173,"column":9}},"119":{"start":{"line":168,"column":12},"end":{"line":168,"column":84}},"120":{"start":{"line":169,"column":12},"end":{"line":172,"column":13}},"121":{"start":{"line":170,"column":16},"end":{"line":170,"column":70}},"122":{"start":{"line":171,"column":16},"end":{"line":171,"column":71}},"123":{"start":{"line":174,"column":8},"end":{"line":174,"column":28}},"124":{"start":{"line":177,"column":26},"end":{"line":198,"column":5}},"125":{"start":{"line":178,"column":20},"end":{"line":178,"column":82}},"126":{"start":{"line":180,"column":8},"end":{"line":197,"column":9}},"127":{"start":{"line":182,"column":16},"end":{"line":182,"column":70}},"128":{"start":{"line":183,"column":16},"end":{"line":185,"column":18}},"129":{"start":{"line":184,"column":20},"end":{"line":184,"column":109}},"130":{"start":{"line":186,"column":16},"end":{"line":186,"column":22}},"131":{"start":{"line":188,"column":16},"end":{"line":188,"column":99}},"132":{"start":{"line":189,"column":16},"end":{"line":189,"column":22}},"133":{"start":{"line":191,"column":16},"end":{"line":196,"column":13}},"134":{"start":{"line":192,"column":20},"end":{"line":192,"column":74}},"135":{"start":{"line":194,"column":20},"end":{"line":194,"column":46}},"136":{"start":{"line":195,"column":16},"end":{"line":195,"column":99}},"137":{"start":{"line":201,"column":19},"end":{"line":201,"column":35}},"138":{"start":{"line":203,"column":0},"end":{"line":203,"column":28}}},"fnMap":{"0":{"name":"(anonymous_0)","decl":{"start":{"line":23,"column":4},"end":{"line":23,"column":5}},"loc":{"start":{"line":23,"column":18},"end":{"line":25,"column":5}},"line":23},"1":{"name":"(anonymous_1)","decl":{"start":{"line":26,"column":19},"end":{"line":26,"column":20}},"loc":{"start":{"line":26,"column":46},"end":{"line":36,"column":5}},"line":26},"2":{"name":"(anonymous_2)","decl":{"start":{"line":28,"column":44},"end":{"line":28,"column":45}},"loc":{"start":{"line":28,"column":55},"end":{"line":34,"column":9}},"line":28},"3":{"name":"(anonymous_3)","decl":{"start":{"line":29,"column":40},"end":{"line":29,"column":41}},"loc":{"start":{"line":29,"column":48},"end":{"line":33,"column":13}},"line":29},"4":{"name":"(anonymous_4)","decl":{"start":{"line":38,"column":19},"end":{"line":38,"column":20}},"loc":{"start":{"line":38,"column":29},"end":{"line":41,"column":5}},"line":38},"5":{"name":"(anonymous_5)","decl":{"start":{"line":43,"column":16},"end":{"line":43,"column":17}},"loc":{"start":{"line":43,"column":26},"end":{"line":45,"column":5}},"line":43},"6":{"name":"(anonymous_6)","decl":{"start":{"line":47,"column":13},"end":{"line":47,"column":14}},"loc":{"start":{"line":47,"column":38},"end":{"line":52,"column":5}},"line":47},"7":{"name":"(anonymous_7)","decl":{"start":{"line":50,"column":28},"end":{"line":50,"column":29}},"loc":{"start":{"line":50,"column":33},"end":{"line":50,"column":56}},"line":50},"8":{"name":"(anonymous_8)","decl":{"start":{"line":51,"column":41},"end":{"line":51,"column":42}},"loc":{"start":{"line":51,"column":60},"end":{"line":51,"column":74}},"line":51},"9":{"name":"(anonymous_9)","decl":{"start":{"line":54,"column":15},"end":{"line":54,"column":16}},"loc":{"start":{"line":54,"column":40},"end":{"line":57,"column":5}},"line":54},"10":{"name":"(anonymous_10)","decl":{"start":{"line":59,"column":21},"end":{"line":59,"column":22}},"loc":{"start":{"line":59,"column":64},"end":{"line":65,"column":5}},"line":59},"11":{"name":"(anonymous_11)","decl":{"start":{"line":67,"column":17},"end":{"line":67,"column":18}},"loc":{"start":{"line":67,"column":110},"end":{"line":87,"column":5}},"line":67},"12":{"name":"(anonymous_12)","decl":{"start":{"line":89,"column":10},"end":{"line":89,"column":11}},"loc":{"start":{"line":89,"column":79},"end":{"line":102,"column":5}},"line":89},"13":{"name":"(anonymous_13)","decl":{"start":{"line":104,"column":18},"end":{"line":104,"column":19}},"loc":{"start":{"line":104,"column":45},"end":{"line":122,"column":5}},"line":104},"14":{"name":"(anonymous_14)","decl":{"start":{"line":124,"column":12},"end":{"line":124,"column":13}},"loc":{"start":{"line":124,"column":43},"end":{"line":162,"column":5}},"line":124},"15":{"name":"(anonymous_15)","decl":{"start":{"line":126,"column":26},"end":{"line":126,"column":27}},"loc":{"start":{"line":126,"column":47},"end":{"line":129,"column":9}},"line":126},"16":{"name":"(anonymous_16)","decl":{"start":{"line":131,"column":45},"end":{"line":131,"column":46}},"loc":{"start":{"line":131,"column":52},"end":{"line":131,"column":85}},"line":131},"17":{"name":"(anonymous_17)","decl":{"start":{"line":134,"column":43},"end":{"line":134,"column":44}},"loc":{"start":{"line":134,"column":76},"end":{"line":136,"column":13}},"line":134},"18":{"name":"(anonymous_18)","decl":{"start":{"line":137,"column":43},"end":{"line":137,"column":44}},"loc":{"start":{"line":137,"column":76},"end":{"line":139,"column":13}},"line":137},"19":{"name":"(anonymous_19)","decl":{"start":{"line":141,"column":30},"end":{"line":141,"column":31}},"loc":{"start":{"line":141,"column":51},"end":{"line":151,"column":13}},"line":141},"20":{"name":"(anonymous_20)","decl":{"start":{"line":155,"column":45},"end":{"line":155,"column":46}},"loc":{"start":{"line":155,"column":52},"end":{"line":157,"column":13}},"line":155},"21":{"name":"(anonymous_21)","decl":{"start":{"line":164,"column":11},"end":{"line":164,"column":12}},"loc":{"start":{"line":164,"column":88},"end":{"line":175,"column":5}},"line":164},"22":{"name":"(anonymous_22)","decl":{"start":{"line":177,"column":26},"end":{"line":177,"column":27}},"loc":{"start":{"line":177,"column":120},"end":{"line":198,"column":5}},"line":177},"23":{"name":"(anonymous_23)","decl":{"start":{"line":183,"column":36},"end":{"line":183,"column":37}},"loc":{"start":{"line":183,"column":55},"end":{"line":185,"column":17}},"line":183}},"branchMap":{"0":{"loc":{"start":{"line":30,"column":16},"end":{"line":32,"column":17}},"type":"if","locations":[{"start":{"line":30,"column":16},"end":{"line":32,"column":17}},{"start":{"line":30,"column":16},"end":{"line":32,"column":17}}],"line":30},"1":{"loc":{"start":{"line":35,"column":15},"end":{"line":35,"column":49}},"type":"cond-expr","locations":[{"start":{"line":35,"column":30},"end":{"line":35,"column":44}},{"start":{"line":35,"column":47},"end":{"line":35,"column":49}}],"line":35},"2":{"loc":{"start":{"line":44,"column":15},"end":{"line":44,"column":35}},"type":"cond-expr","locations":[{"start":{"line":44,"column":24},"end":{"line":44,"column":30}},{"start":{"line":44,"column":33},"end":{"line":44,"column":35}}],"line":44},"3":{"loc":{"start":{"line":56,"column":15},"end":{"line":56,"column":52}},"type":"cond-expr","locations":[{"start":{"line":56,"column":35},"end":{"line":56,"column":48}},{"start":{"line":56,"column":51},"end":{"line":56,"column":52}}],"line":56},"4":{"loc":{"start":{"line":69,"column":8},"end":{"line":86,"column":9}},"type":"if","locations":[{"start":{"line":69,"column":8},"end":{"line":86,"column":9}},{"start":{"line":69,"column":8},"end":{"line":86,"column":9}}],"line":69},"5":{"loc":{"start":{"line":73,"column":8},"end":{"line":86,"column":9}},"type":"if","locations":[{"start":{"line":73,"column":8},"end":{"line":86,"column":9}},{"start":{"line":73,"column":8},"end":{"line":86,"column":9}}],"line":73},"6":{"loc":{"start":{"line":84,"column":29},"end":{"line":84,"column":85}},"type":"cond-expr","locations":[{"start":{"line":84,"column":49},"end":{"line":84,"column":80}},{"start":{"line":84,"column":83},"end":{"line":84,"column":85}}],"line":84},"7":{"loc":{"start":{"line":93,"column":30},"end":{"line":93,"column":81}},"type":"binary-expr","locations":[{"start":{"line":93,"column":30},"end":{"line":93,"column":75}},{"start":{"line":93,"column":79},"end":{"line":93,"column":81}}],"line":93},"8":{"loc":{"start":{"line":96,"column":8},"end":{"line":98,"column":9}},"type":"if","locations":[{"start":{"line":96,"column":8},"end":{"line":98,"column":9}},{"start":{"line":96,"column":8},"end":{"line":98,"column":9}}],"line":96},"9":{"loc":{"start":{"line":96,"column":12},"end":{"line":96,"column":73}},"type":"binary-expr","locations":[{"start":{"line":96,"column":12},"end":{"line":96,"column":38}},{"start":{"line":96,"column":42},"end":{"line":96,"column":73}}],"line":96},"10":{"loc":{"start":{"line":108,"column":30},"end":{"line":108,"column":81}},"type":"binary-expr","locations":[{"start":{"line":108,"column":30},"end":{"line":108,"column":75}},{"start":{"line":108,"column":79},"end":{"line":108,"column":81}}],"line":108},"11":{"loc":{"start":{"line":111,"column":8},"end":{"line":113,"column":9}},"type":"if","locations":[{"start":{"line":111,"column":8},"end":{"line":113,"column":9}},{"start":{"line":111,"column":8},"end":{"line":113,"column":9}}],"line":111},"12":{"loc":{"start":{"line":111,"column":12},"end":{"line":111,"column":73}},"type":"binary-expr","locations":[{"start":{"line":111,"column":12},"end":{"line":111,"column":38}},{"start":{"line":111,"column":42},"end":{"line":111,"column":73}}],"line":111},"13":{"loc":{"start":{"line":114,"column":8},"end":{"line":121,"column":9}},"type":"if","locations":[{"start":{"line":114,"column":8},"end":{"line":121,"column":9}},{"start":{"line":114,"column":8},"end":{"line":121,"column":9}}],"line":114},"14":{"loc":{"start":{"line":116,"column":15},"end":{"line":121,"column":9}},"type":"if","locations":[{"start":{"line":116,"column":15},"end":{"line":121,"column":9}},{"start":{"line":116,"column":15},"end":{"line":121,"column":9}}],"line":116},"15":{"loc":{"start":{"line":133,"column":8},"end":{"line":161,"column":9}},"type":"if","locations":[{"start":{"line":133,"column":8},"end":{"line":161,"column":9}},{"start":{"line":133,"column":8},"end":{"line":161,"column":9}}],"line":133},"16":{"loc":{"start":{"line":145,"column":33},"end":{"line":145,"column":89}},"type":"cond-expr","locations":[{"start":{"line":145,"column":53},"end":{"line":145,"column":84}},{"start":{"line":145,"column":87},"end":{"line":145,"column":89}}],"line":145},"17":{"loc":{"start":{"line":167,"column":8},"end":{"line":173,"column":9}},"type":"if","locations":[{"start":{"line":167,"column":8},"end":{"line":173,"column":9}},{"start":{"line":167,"column":8},"end":{"line":173,"column":9}}],"line":167},"18":{"loc":{"start":{"line":167,"column":11},"end":{"line":167,"column":63}},"type":"binary-expr","locations":[{"start":{"line":167,"column":11},"end":{"line":167,"column":35}},{"start":{"line":167,"column":39},"end":{"line":167,"column":63}}],"line":167},"19":{"loc":{"start":{"line":169,"column":12},"end":{"line":172,"column":13}},"type":"if","locations":[{"start":{"line":169,"column":12},"end":{"line":172,"column":13}},{"start":{"line":169,"column":12},"end":{"line":172,"column":13}}],"line":169},"20":{"loc":{"start":{"line":169,"column":16},"end":{"line":169,"column":90}},"type":"binary-expr","locations":[{"start":{"line":169,"column":16},"end":{"line":169,"column":63}},{"start":{"line":169,"column":67},"end":{"line":169,"column":90}}],"line":169},"21":{"loc":{"start":{"line":180,"column":8},"end":{"line":197,"column":9}},"type":"switch","locations":[{"start":{"line":181,"column":12},"end":{"line":186,"column":22}},{"start":{"line":187,"column":12},"end":{"line":189,"column":22}},{"start":{"line":190,"column":12},"end":{"line":196,"column":13}}],"line":180},"22":{"loc":{"start":{"line":191,"column":16},"end":{"line":196,"column":13}},"type":"if","locations":[{"start":{"line":191,"column":16},"end":{"line":196,"column":13}},{"start":{"line":191,"column":16},"end":{"line":196,"column":13}}],"line":191}},"s":{"0":4,"1":4,"2":4,"3":4,"4":4,"5":4,"6":4,"7":4,"8":4,"9":4,"10":4,"11":4,"12":4,"13":4,"14":4,"15":4,"16":4,"17":4,"18":4,"19":4,"20":4,"21":8,"22":8,"23":8,"24":15,"25":2,"26":8,"27":4,"28":12,"29":12,"30":4,"31":14,"32":4,"33":9,"34":9,"35":9,"36":22,"37":9,"38":13,"39":4,"40":5,"41":5,"42":4,"43":5,"44":5,"45":5,"46":5,"47":4,"48":2,"49":2,"50":1,"51":1,"52":1,"53":0,"54":1,"55":1,"56":1,"57":1,"58":1,"59":1,"60":1,"61":1,"62":1,"63":4,"64":0,"65":0,"66":0,"67":0,"68":0,"69":0,"70":0,"71":0,"72":0,"73":4,"74":6,"75":6,"76":6,"77":6,"78":6,"79":3,"80":6,"81":1,"82":5,"83":1,"84":4,"85":4,"86":4,"87":3,"88":3,"89":6,"90":6,"91":3,"92":4,"93":3,"94":1,"95":2,"96":1,"97":2,"98":1,"99":1,"100":2,"101":2,"102":2,"103":2,"104":2,"105":2,"106":2,"107":2,"108":2,"109":1,"110":1,"111":2,"112":2,"113":2,"114":2,"115":4,"116":1,"117":1,"118":1,"119":1,"120":1,"121":1,"122":1,"123":1,"124":4,"125":5,"126":5,"127":1,"128":1,"129":1,"130":1,"131":1,"132":1,"133":3,"134":1,"135":2,"136":2,"137":4,"138":4},"f":{"0":4,"1":8,"2":8,"3":15,"4":12,"5":14,"6":9,"7":22,"8":13,"9":5,"10":5,"11":2,"12":0,"13":6,"14":3,"15":6,"16":4,"17":2,"18":2,"19":2,"20":2,"21":1,"22":5,"23":1},"b":{"0":[2,13],"1":[2,6],"2":[10,4],"3":[0,5],"4":[1,1],"5":[0,1],"6":[0,1],"7":[0,0],"8":[0,0],"9":[0,0],"10":[6,5],"11":[3,3],"12":[6,3],"13":[1,5],"14":[1,4],"15":[1,2],"16":[0,2],"17":[1,0],"18":[1,1],"19":[1,0],"20":[1,1],"21":[1,1,3],"22":[1,2]},"_coverageSchema":"1a1c01bbd47fc00a2c39e90264f33305004495a9","hash":"5a1a60dbce909c0cf307d88472c530da991398e9"}
,"C:\\Users\\User\\Desktop\\chicken-kitchen-extreme\\servises\\discountService.js": {"path":"C:\\Users\\User\\Desktop\\chicken-kitchen-extreme\\servises\\discountService.js","statementMap":{"0":{"start":{"line":3,"column":8},"end":{"line":3,"column":32}},"1":{"start":{"line":6,"column":23},"end":{"line":8,"column":5}},"2":{"start":{"line":7,"column":8},"end":{"line":7,"column":34}},"3":{"start":{"line":10,"column":16},"end":{"line":12,"column":5}},"4":{"start":{"line":11,"column":12},"end":{"line":11,"column":41}},"5":{"start":{"line":14,"column":25},"end":{"line":21,"column":5}},"6":{"start":{"line":15,"column":33},"end":{"line":15,"column":56}},"7":{"start":{"line":16,"column":30},"end":{"line":16,"column":82}},"8":{"start":{"line":16,"column":66},"end":{"line":16,"column":81}},"9":{"start":{"line":17,"column":8},"end":{"line":19,"column":9}},"10":{"start":{"line":18,"column":12},"end":{"line":18,"column":24}},"11":{"start":{"line":20,"column":8},"end":{"line":20,"column":46}},"12":{"start":{"line":23,"column":18},"end":{"line":25,"column":5}},"13":{"start":{"line":24,"column":8},"end":{"line":24,"column":43}},"14":{"start":{"line":27,"column":15},"end":{"line":30,"column":5}},"15":{"start":{"line":28,"column":28},"end":{"line":28,"column":54}},"16":{"start":{"line":29,"column":8},"end":{"line":29,"column":30}},"17":{"start":{"line":32,"column":18},"end":{"line":35,"column":5}},"18":{"start":{"line":33,"column":28},"end":{"line":33,"column":51}},"19":{"start":{"line":34,"column":8},"end":{"line":34,"column":43}},"20":{"start":{"line":37,"column":19},"end":{"line":44,"column":5}},"21":{"start":{"line":38,"column":35},"end":{"line":38,"column":64}},"22":{"start":{"line":39,"column":8},"end":{"line":43,"column":26}},"23":{"start":{"line":40,"column":32},"end":{"line":40,"column":63}},"24":{"start":{"line":41,"column":12},"end":{"line":41,"column":31}},"25":{"start":{"line":43,"column":13},"end":{"line":43,"column":26}},"26":{"start":{"line":47,"column":24},"end":{"line":47,"column":45}},"27":{"start":{"line":49,"column":0},"end":{"line":49,"column":33}}},"fnMap":{"0":{"name":"(anonymous_0)","decl":{"start":{"line":2,"column":4},"end":{"line":2,"column":5}},"loc":{"start":{"line":2,"column":18},"end":{"line":4,"column":5}},"line":2},"1":{"name":"(anonymous_1)","decl":{"start":{"line":6,"column":23},"end":{"line":6,"column":24}},"loc":{"start":{"line":6,"column":29},"end":{"line":8,"column":5}},"line":6},"2":{"name":"(anonymous_2)","decl":{"start":{"line":10,"column":16},"end":{"line":10,"column":17}},"loc":{"start":{"line":10,"column":26},"end":{"line":12,"column":5}},"line":10},"3":{"name":"(anonymous_3)","decl":{"start":{"line":14,"column":25},"end":{"line":14,"column":26}},"loc":{"start":{"line":14,"column":35},"end":{"line":21,"column":5}},"line":14},"4":{"name":"(anonymous_4)","decl":{"start":{"line":16,"column":54},"end":{"line":16,"column":55}},"loc":{"start":{"line":16,"column":66},"end":{"line":16,"column":81}},"line":16},"5":{"name":"(anonymous_5)","decl":{"start":{"line":23,"column":18},"end":{"line":23,"column":19}},"loc":{"start":{"line":23,"column":30},"end":{"line":25,"column":5}},"line":23},"6":{"name":"(anonymous_6)","decl":{"start":{"line":27,"column":15},"end":{"line":27,"column":16}},"loc":{"start":{"line":27,"column":27},"end":{"line":30,"column":5}},"line":27},"7":{"name":"(anonymous_7)","decl":{"start":{"line":32,"column":18},"end":{"line":32,"column":19}},"loc":{"start":{"line":32,"column":37},"end":{"line":35,"column":5}},"line":32},"8":{"name":"(anonymous_8)","decl":{"start":{"line":37,"column":19},"end":{"line":37,"column":20}},"loc":{"start":{"line":37,"column":44},"end":{"line":44,"column":5}},"line":37}},"branchMap":{"0":{"loc":{"start":{"line":17,"column":8},"end":{"line":19,"column":9}},"type":"if","locations":[{"start":{"line":17,"column":8},"end":{"line":19,"column":9}},{"start":{"line":17,"column":8},"end":{"line":19,"column":9}}],"line":17},"1":{"loc":{"start":{"line":24,"column":15},"end":{"line":24,"column":43}},"type":"cond-expr","locations":[{"start":{"line":24,"column":31},"end":{"line":24,"column":39}},{"start":{"line":24,"column":42},"end":{"line":24,"column":43}}],"line":24},"2":{"loc":{"start":{"line":39,"column":8},"end":{"line":43,"column":26}},"type":"if","locations":[{"start":{"line":39,"column":8},"end":{"line":43,"column":26}},{"start":{"line":39,"column":8},"end":{"line":43,"column":26}}],"line":39}},"s":{"0":9,"1":9,"2":19,"3":9,"4":4,"5":9,"6":19,"7":19,"8":41,"9":19,"10":5,"11":14,"12":9,"13":7,"14":9,"15":5,"16":5,"17":9,"18":3,"19":3,"20":9,"21":16,"22":16,"23":1,"24":1,"25":15,"26":9,"27":9},"f":{"0":9,"1":19,"2":4,"3":19,"4":41,"5":7,"6":5,"7":3,"8":16},"b":{"0":[5,14],"1":[4,3],"2":[1,15]},"_coverageSchema":"1a1c01bbd47fc00a2c39e90264f33305004495a9","hash":"562d63b1a442fb16770ca3ece8b34a3ee6e78d8b"}
,"C:\\Users\\User\\Desktop\\chicken-kitchen-extreme\\servises\\fileReader.js": {"path":"C:\\Users\\User\\Desktop\\chicken-kitchen-extreme\\servises\\fileReader.js","statementMap":{"0":{"start":{"line":1,"column":11},"end":{"line":1,"column":24}},"1":{"start":{"line":4,"column":15},"end":{"line":6,"column":5}},"2":{"start":{"line":5,"column":8},"end":{"line":5,"column":71}},"3":{"start":{"line":7,"column":17},"end":{"line":9,"column":5}},"4":{"start":{"line":8,"column":8},"end":{"line":8,"column":51}},"5":{"start":{"line":10,"column":16},"end":{"line":12,"column":5}},"6":{"start":{"line":11,"column":8},"end":{"line":11,"column":41}},"7":{"start":{"line":15,"column":19},"end":{"line":15,"column":33}},"8":{"start":{"line":17,"column":0},"end":{"line":17,"column":28}}},"fnMap":{"0":{"name":"(anonymous_0)","decl":{"start":{"line":4,"column":15},"end":{"line":4,"column":16}},"loc":{"start":{"line":4,"column":39},"end":{"line":6,"column":5}},"line":4},"1":{"name":"(anonymous_1)","decl":{"start":{"line":7,"column":17},"end":{"line":7,"column":18}},"loc":{"start":{"line":7,"column":37},"end":{"line":9,"column":5}},"line":7},"2":{"name":"(anonymous_2)","decl":{"start":{"line":10,"column":16},"end":{"line":10,"column":17}},"loc":{"start":{"line":10,"column":36},"end":{"line":12,"column":5}},"line":10}},"branchMap":{},"s":{"0":11,"1":11,"2":0,"3":11,"4":11,"5":11,"6":1,"7":11,"8":11},"f":{"0":0,"1":11,"2":1},"b":{},"_coverageSchema":"1a1c01bbd47fc00a2c39e90264f33305004495a9","hash":"ba9dcf23e058549f7f9b4785dfd18f95b9ea30ae"}
[...]
lumn":48}},"12":{"start":{"line":27,"column":28},"end":{"line":31,"column":5}},"13":{"start":{"line":28,"column":22},"end":{"line":28,"column":52}},"14":{"start":{"line":29,"column":34},"end":{"line":29,"column":66}},"15":{"start":{"line":30,"column":8},"end":{"line":30,"column":59}},"16":{"start":{"line":33,"column":22},"end":{"line":38,"column":5}},"17":{"start":{"line":34,"column":25},"end":{"line":34,"column":57}},"18":{"start":{"line":35,"column":8},"end":{"line":37,"column":9}},"19":{"start":{"line":36,"column":12},"end":{"line":36,"column":40}},"20":{"start":{"line":40,"column":17},"end":{"line":46,"column":5}},"21":{"start":{"line":41,"column":8},"end":{"line":45,"column":9}},"22":{"start":{"line":42,"column":12},"end":{"line":42,"column":72}},"23":{"start":{"line":44,"column":12},"end":{"line":44,"column":52}},"24":{"start":{"line":48,"column":19},"end":{"line":58,"column":5}},"25":{"start":{"line":49,"column":26},"end":{"line":49,"column":87}},"26":{"start":{"line":50,"column":8},"end":{"line":57,"column":9}},"27":{"start":{"line":51,"column":12},"end":{"line":51,"column":63}},"28":{"start":{"line":52,"column":12},"end":{"line":52,"column":94}},"29":{"start":{"line":54,"column":12},"end":{"line":54,"column":63}},"30":{"start":{"line":55,"column":12},"end":{"line":55,"column":94}},"31":{"start":{"line":56,"column":12},"end":{"line":56,"column":33}},"32":{"start":{"line":61,"column":21},"end":{"line":61,"column":39}},"33":{"start":{"line":63,"column":0},"end":{"line":63,"column":30}}},"fnMap":{"0":{"name":"(anonymous_0)","decl":{"start":{"line":4,"column":4},"end":{"line":4,"column":5}},"loc":{"start":{"line":4,"column":18},"end":{"line":6,"column":5}},"line":4},"1":{"name":"(anonymous_1)","decl":{"start":{"line":8,"column":18},"end":{"line":8,"column":19}},"loc":{"start":{"line":8,"column":24},"end":{"line":10,"column":5}},"line":8},"2":{"name":"(anonymous_2)","decl":{"start":{"line":12,"column":20},"end":{"line":12,"column":21}},"loc":{"start":{"line":12,"column":34},"end":{"line":14,"column":5}},"line":12},"3":{"name":"(anonymous_3)","decl":{"start":{"line":16,"column":16},"end":{"line":16,"column":17}},"loc":{"start":{"line":16,"column":27},"end":{"line":18,"column":5}},"line":16},"4":{"name":"(anonymous_4)","decl":{"start":{"line":20,"column":27},"end":{"line":20,"column":28}},"loc":{"start":{"line":20,"column":38},"end":{"line":25,"column":5}},"line":20},"5":{"name":"(anonymous_5)","decl":{"start":{"line":22,"column":33},"end":{"line":22,"column":34}},"loc":{"start":{"line":22,"column":66},"end":{"line":24,"column":9}},"line":22},"6":{"name":"(anonymous_6)","decl":{"start":{"line":27,"column":28},"end":{"line":27,"column":29}},"loc":{"start":{"line":27,"column":67},"end":{"line":31,"column":5}},"line":27},"7":{"name":"(anonymous_7)","decl":{"start":{"line":33,"column":22},"end":{"line":33,"column":23}},"loc":{"start":{"line":33,"column":45},"end":{"line":38,"column":5}},"line":33},"8":{"name":"(anonymous_8)","decl":{"start":{"line":40,"column":17},"end":{"line":40,"column":18}},"loc":{"start":{"line":40,"column":56},"end":{"line":46,"column":5}},"line":40},"9":{"name":"(anonymous_9)","decl":{"start":{"line":48,"column":19},"end":{"line":48,"column":20}},"loc":{"start":{"line":48,"column":70},"end":{"line":58,"column":5}},"line":48}},"branchMap":{"0":{"loc":{"start":{"line":13,"column":15},"end":{"line":13,"column":48}},"type":"cond-expr","locations":[{"start":{"line":13,"column":33},"end":{"line":13,"column":43}},{"start":{"line":13,"column":46},"end":{"line":13,"column":48}}],"line":13},"1":{"loc":{"start":{"line":35,"column":8},"end":{"line":37,"column":9}},"type":"if","locations":[{"start":{"line":35,"column":8},"end":{"line":37,"column":9}},{"start":{"line":35,"column":8},"end":{"line":37,"column":9}}],"line":35},"2":{"loc":{"start":{"line":41,"column":8},"end":{"line":45,"column":9}},"type":"if","locations":[{"start":{"line":41,"column":8},"end":{"line":45,"column":9}},{"start":{"line":41,"column":8},"end":{"line":45,"column":9}}],"line":41},"3":{"loc":{"start":{"line":50,"column":8},"end":{"line":57,"column":9}},"type":"if","locations":[{"start":{"line":50,"column":8},"end":{"line":57,"column":9}},{"start":{"line":50,"column":8},"end":{"line":57,"column":9}}],"line":50}},"s":{"0":6,"1":6,"2":6,"3":11,"4":6,"5":1,"6":6,"7":12,"8":6,"9":12,"10":12,"11":1,"12":6,"13":1,"14":1,"15":1,"16":6,"17":11,"18":11,"19":0,"20":6,"21":1,"22":0,"23":1,"24":6,"25":1,"26":1,"27":1,"28":1,"29":0,"30":0,"31":0,"32":6,"33":6},"f":{"0":6,"1":11,"2":1,"3":12,"4":12,"5":1,"6":1,"7":11,"8":1,"9":1},"b":{"0":[1,0],"1":[0,11],"2":[0,1],"3":[1,0]},"_coverageSchema":"1a1c01bbd47fc00a2c39e90264f33305004495a9","hash":"0f44e46292714d262eec74f565be5d028f2f5d79"}
,"C:\\Users\\User\\Desktop\\chicken-kitchen-extreme\\servises\\warehousesHandler.js": {"path":"C:\\Users\\User\\Desktop\\chicken-kitchen-extreme\\servises\\warehousesHandler.js","statementMap":{"0":{"start":{"line":1,"column":17},"end":{"line":1,"column":62}},"1":{"start":{"line":2,"column":19},"end":{"line":2,"column":70}},"2":{"start":{"line":3,"column":21},"end":{"line":3,"column":62}},"3":{"start":{"line":5,"column":24},"end":{"line":5,"column":52}},"4":{"start":{"line":6,"column":15},"end":{"line":6,"column":41}},"5":{"start":{"line":7,"column":13},"end":{"line":7,"column":26}},"6":{"start":{"line":8,"column":13},"end":{"line":8,"column":41}},"7":{"start":{"line":12,"column":8},"end":{"line":12,"column":37}},"8":{"start":{"line":15,"column":26},"end":{"line":25,"column":5}},"9":{"start":{"line":16,"column":28},"end":{"line":16,"column":39}},"10":{"start":{"line":17,"column":8},"end":{"line":24,"column":9}},"11":{"start":{"line":17,"column":22},"end":{"line":17,"column":23}},"12":{"start":{"line":18,"column":37},"end":{"line":18,"column":113}},"13":{"start":{"line":18,"column":55},"end":{"line":18,"column":112}},"14":{"start":{"line":19,"column":12},"end":{"line":23,"column":13}},"15":{"start":{"line":20,"column":16},"end":{"line":20,"column":53}},"16":{"start":{"line":22,"column":16},"end":{"line":22,"column":85}},"17":{"start":{"line":27,"column":28},"end":{"line":29,"column":5}},"18":{"start":{"line":28,"column":8},"end":{"line":28,"column":73}},"19":{"start":{"line":28,"column":52},"end":{"line":28,"column":72}},"20":{"start":{"line":31,"column":18},"end":{"line":33,"column":5}},"21":{"start":{"line":32,"column":8},"end":{"line":32,"column":52}},"22":{"start":{"line":32,"column":37},"end":{"line":32,"column":51}},"23":{"start":{"line":34,"column":35},"end":{"line":45,"column":5}},"24":{"start":{"line":35,"column":31},"end":{"line":35,"column":53}},"25":{"start":{"line":36,"column":35},"end":{"line":36,"column":94}},"26":{"start":{"line":37,"column":8},"end":{"line":44,"column":9}},"27":{"start":{"line":38,"column":12},"end":{"line":38,"column":46}},"28":{"start":{"line":39,"column":12},"end":{"line":39,"column":65}},"29":{"start":{"line":41,"column":12},"end":{"line":41,"column":50}},"30":{"start":{"line":42,"column":12},"end":{"line":42,"column":97}},"31":{"start":{"line":43,"column":12},"end":{"line":43,"column":144}},"32":{"start":{"line":46,"column":14},"end":{"line":48,"column":5}},"33":{"start":{"line":47,"column":12},"end":{"line":47,"column":71}},"34":{"start":{"line":49,"column":23},"end":{"line":63,"column":5}},"35":{"start":{"line":50,"column":8},"end":{"line":61,"column":48}},"36":{"start":{"line":51,"column":12},"end":{"line":51,"column":44}},"37":{"start":{"line":52,"column":12},"end":{"line":52,"column":77}},"38":{"start":{"line":53,"column":12},"end":{"line":53,"column":113}},"39":{"start":{"line":54,"column":15},"end":{"line":61,"column":48}},"40":{"start":{"line":55,"column":12},"end":{"line":55,"column":44}},"41":{"start":{"line":56,"column":12},"end":{"line":56,"column":82}},"42":{"start":{"line":57,"column":12},"end":{"line":57,"column":118}},"43":{"start":{"line":58,"column":15},"end":{"line":61,"column":48}},"44":{"start":{"line":59,"column":12},"end":{"line":59,"column":52}},"45":{"start":{"line":61,"column":13},"end":{"line":61,"column":48}},"46":{"start":{"line":62,"column":8},"end":{"line":62,"column":37}},"47":{"start":{"line":65,"column":38},"end":{"line":72,"column":5}},"48":{"start":{"line":66,"column":32},"end":{"line":66,"column":34}},"49":{"start":{"line":67,"column":8},"end":{"line":67,"column":74}},"50":{"start":{"line":69,"column":8},"end":{"line":71,"column":39}},"51":{"start":{"line":70,"column":31},"end":{"line":70,"column":71}},"52":{"start":{"line":71,"column":23},"end":{"line":71,"column":28}},"53":{"start":{"line":74,"column":20},"end":{"line":76,"column":5}},"54":{"start":{"line":75,"column":8},"end":{"line":75,"column":31}},"55":{"start":{"line":78,"column":20},"end":{"line":80,"column":5}},"56":{"start":{"line":79,"column":8},"end":{"line":79,"column":43}},"57":{"start":{"line":82,"column":16},"end":{"line":84,"column":5}},"58":{"start":{"line":83,"column":8},"end":{"line":83,"column":41}},"59":{"start":{"line":86,"column":31},"end":{"line":91,"column":5}},"60":{"start":{"line":87,"column":27},"end":{"line":87,"column":53}},"61":{"start":{"line":88,"column":8},"end":{"line":90,"column":14}},"62":{"start":{"line":89,"column":12},"end":{"line":89,"column":48}},"63":{"start":{"line":93,"column":29},"end":{"line":95,"column":5}},"64":{"start":{"line":94,"column":8},"end":{"line":94,"column":38}},"65":{"start":{"line":97,"column":26},"end":{"line":132,"column":5}},"66":{"start":{"line":98,"column":31},"end":{"line":98,"column":47}},"67":{"start":{"line":99,"column":38},"end":{"line":99,"column":79}},"68":{"start":{"line":100,"column":38},"end":{"line":100,"column":89}},"69":{"start":{"line":103,"column":8},"end":{"line":116,"column":9}},"70":{"start":{"line":105,"column":12},"end":{"line":107,"column":13}},"71":{"start":{"line":106,"column":16},"end":{"line":106,"column":36}},"72":{"start":{"line":109,"column":12},"end":{"line":113,"column":13}},"73":{"start":{"line":110,"column":34},"end":{"line":110,"column":66}},"74":{"start":{"line":111,"column":39},"end":{"line":111,"column":65}},"75":{"start":{"line":112,"column":16},"end":{"line":112,"column":65}},"76":{"start":{"line":115,"column":12},"end":{"line":115,"column":66}},"77":{"start":{"line":118,"column":8},"end":{"line":129,"column":9}},"78":{"start":{"line":119,"column":35},"end":{"line":119,"column":67}},"79":{"start":{"line":121,"column":12},"end":{"line":126,"column":13}},"80":{"start":{"line":122,"column":39},"end":{"line":122,"column":71}},"81":{"start":{"line":123,"column":35},"end":{"line":123,"column":100}},"82":{"start":{"line":124,"column":39},"end":{"line":124,"column":65}},"83":{"start":{"line":125,"column":16},"end":{"line":125,"column":65}},"84":{"start":{"line":128,"column":12},"end":{"line":128,"column":66}},"85":{"start":{"line":131,"column":8},"end":{"line":131,"column":62}},"86":{"start":{"line":134,"column":21},"end":{"line":136,"column":5}},"87":{"start":{"line":135,"column":8},"end":{"line":135,"column":65}},"88":{"start":{"line":139,"column":26},"end":{"line":139,"column":49}},"89":{"start":{"line":141,"column":0},"end":{"line":141,"column":35}}},"fnMap":{"0":{"name":"(anonymous_0)","decl":{"start":{"line":11,"column":4},"end":{"line":11,"column":5}},"loc":{"start":{"line":11,"column":18},"end":{"line":13,"column":5}},"line":11},"1":{"name":"(anonymous_1)","decl":{"start":{"line":15,"column":26},"end":{"line":15,"column":27}},"loc":{"start":{"line":15,"column":66},"end":{"line":25,"column":5}},"line":15},"2":{"name":"(anonymous_2)","decl":{"start":{"line":18,"column":47},"end":{"line":18,"column":48}},"loc":{"start":{"line":18,"column":55},"end":{"line":18,"column":112}},"line":18},"3":{"name":"(anonymous_3)","decl":{"start":{"line":27,"column":28},"end":{"line":27,"column":29}},"loc":{"start":{"line":27,"column":39},"end":{"line":29,"column":5}},"line":27},"4":{"name":"(anonymous_4)","decl":{"start":{"line":28,"column":38},"end":{"line":28,"column":39}},"loc":{"start":{"line":28,"column":52},"end":{"line":28,"column":72}},"line":28},"5":{"name":"(anonymous_5)","decl":{"start":{"line":31,"column":18},"end":{"line":31,"column":19}},"loc":{"start":{"line":31,"column":29},"end":{"line":33,"column":5}},"line":31},"6":{"name":"(anonymous_6)","decl":{"start":{"line":32,"column":29},"end":{"line":32,"column":30}},"loc":{"start":{"line":32,"column":37},"end":{"line":32,"column":51}},"line":32},"7":{"name":"(anonymous_7)","decl":{"start":{"line":34,"column":35},"end":{"line":34,"column":36}},"loc":{"start":{"line":34,"column":46},"end":{"line":45,"column":5}},"line":34},"8":{"name":"(anonymous_8)","decl":{"start":{"line":46,"column":14},"end":{"line":46,"column":15}},"loc":{"start":{"line":46,"column":42},"end":{"line":48,"column":5}},"line":46},"9":{"name":"(anonymous_9)","decl":{"start":{"line":49,"column":23},"end":{"line":49,"column":24}},"loc":{"start":{"line":49,"column":46},"end":{"line":63,"column":5}},"line":49},"10":{"name":"(anonymous_10)","decl":{"start":{"line":65,"column":38},"end":{"line":65,"column":39}},"loc":{"start":{"line":65,"column":65},"end":{"line":72,"column":5}},"line":65},"11":{"name":"(anonymous_11)","decl":{"start":{"line":70,"column":17},"end":{"line":70,"column":18}},"loc":{"start":{"line":70,"column":31},"end":{"line":70,"column":71}},"line":70},"12":{"name":"(anonymous_12)","decl":{"start":{"line":71,"column":18},"end":{"line":71,"column":19}},"loc":{"start":{"line":71,"column":23},"end":{"line":71,"column":28}},"line":71},"13":{"name":"(anonymous_13)","decl":{"start":{"line":74,"column":20},"end":{"line":74,"column":21}},"loc":{"start":{"line":74,"column":26},"end":{"line":76,"column":5}},"line":74},"14":{"name":"(anonymous_14)","decl":{"start":{"line":78,"column":20},"end":{"line":78,"column":21}},"loc":{"start":{"line":78,"column":42},"end":{"line":80,"column":5}},"line":78},"15":{"name":"(anonymous_15)","decl":{"start":{"line":82,"column":16},"end":{"line":82,"column":17}},"loc":{"start":{"line":82,"column":32},"end":{"line":84,"column":5}},"line":82},"16":{"name":"(anonymous_16)","decl":{"start":{"line":86,"column":31},"end":{"line":86,"column":32}},"loc":{"start":{"line":86,"column":47},"end":{"line":91,"column":5}},"line":86},"17":{"name":"(anonymous_17)","decl":{"start":{"line":88,"column":33},"end":{"line":88,"column":34}},"loc":{"start":{"line":88,"column":66},"end":{"line":90,"column":9}},"line":88},"18":{"name":"(anonymous_18)","decl":{"start":{"line":93,"column":29},"end":{"line":93,"column":30}},"loc":{"start":{"line":93,"column":57},"end":{"line":95,"column":5}},"line":93},"19":{"name":"(anonymous_19)","decl":{"start":{"line":97,"column":26},"end":{"line":97,"column":27}},"loc":{"start":{"line":97,"column":82},"end":{"line":132,"column":5}},"line":97},"20":{"name":"(anonymous_20)","decl":{"start":{"line":134,"column":21},"end":{"line":134,"column":22}},"loc":{"start":{"line":134,"column":59},"end":{"line":136,"column":5}},"line":134}},"branchMap":{"0":{"loc":{"start":{"line":18,"column":55},"end":{"line":18,"column":112}},"type":"binary-expr","locations":[{"start":{"line":18,"column":55},"end":{"line":18,"column":85}},{"start":{"line":18,"column":89},"end":{"line":18,"column":112}}],"line":18},"1":{"loc":{"start":{"line":19,"column":12},"end":{"line":23,"column":13}},"type":"if","locations":[{"start":{"line":19,"column":12},"end":{"line":23,"column":13}},{"start":{"line":19,"column":12},"end":{"line":23,"column":13}}],"line":19},"2":{"loc":{"start":{"line":37,"column":8},"end":{"line":44,"column":9}},"type":"if","locations":[{"start":{"line":37,"column":8},"end":{"line":44,"column":9}},{"start":{"line":37,"column":8},"end":{"line":44,"column":9}}],"line":37},"3":{"loc":{"start":{"line":50,"column":8},"end":{"line":61,"column":48}},"type":"if","locations":[{"start":{"line":50,"column":8},"end":{"line":61,"column":48}},{"start":{"line":50,"column":8},"end":{"line":61,"column":48}}],"line":50},"4":{"loc":{"start":{"line":50,"column":12},"end":{"line":50,"column":71}},"type":"binary-expr","locations":[{"start":{"line":50,"column":12},"end":{"line":50,"column":46}},{"start":{"line":50,"column":50},"end":{"line":50,"column":71}}],"line":50},"5":{"loc":{"start":{"line":54,"column":15},"end":{"line":61,"column":48}},"type":"if","locations":[{"start":{"line":54,"column":15},"end":{"line":61,"column":48}},{"start":{"line":54,"column":15},"end":{"line":61,"column":48}}],"line":54},"6":{"loc":{"start":{"line":54,"column":19},"end":{"line":54,"column":93}},"type":"binary-expr","locations":[{"start":{"line":54,"column":19},"end":{"line":54,"column":63}},{"start":{"line":54,"column":67},"end":{"line":54,"column":93}}],"line":54},"7":{"loc":{"start":{"line":58,"column":15},"end":{"line":61,"column":48}},"type":"if","locations":[{"start":{"line":58,"column":15},"end":{"line":61,"column":48}},{"start":{"line":58,"column":15},"end":{"line":61,"column":48}}],"line":58},"8":{"loc":{"start":{"line":58,"column":19},"end":{"line":58,"column":85}},"type":"binary-expr","locations":[{"start":{"line":58,"column":19},"end":{"line":58,"column":53}},{"start":{"line":58,"column":57},"end":{"line":58,"column":85}}],"line":58},"9":{"loc":{"start":{"line":69,"column":15},"end":{"line":71,"column":38}},"type":"binary-expr","locations":[{"start":{"line":69,"column":15},"end":{"line":71,"column":29}},{"start":{"line":71,"column":33},"end":{"line":71,"column":38}}],"line":69},"10":{"loc":{"start":{"line":103,"column":8},"end":{"line":116,"column":9}},"type":"if","locations":[{"start":{"line":103,"column":8},"end":{"line":116,"column":9}},{"start":{"line":103,"column":8},"end":{"line":116,"column":9}}],"line":103},"11":{"loc":{"start":{"line":105,"column":12},"end":{"line":107,"column":13}},"type":"if","locations":[{"start":{"line":105,"column":12},"end":{"line":107,"column":13}},{"start":{"line":105,"column":12},"end":{"line":107,"column":13}}],"line":105},"12":{"loc":{"start":{"line":109,"column":12},"end":{"line":113,"column":13}},"type":"if","locations":[{"start":{"line":109,"column":12},"end":{"line":113,"column":13}},{"start":{"line":109,"column":12},"end":{"line":113,"column":13}}],"line":109},"13":{"loc":{"start":{"line":118,"column":8},"end":{"line":129,"column":9}},"type":"if","locations":[{"start":{"line":118,"column":8},"end":{"line":129,"column":9}},{"start":{"line":118,"column":8},"end":{"line":129,"column":9}}],"line":118},"14":{"loc":{"start":{"line":121,"column":12},"end":{"line":126,"column":13}},"type":"if","locations":[{"start":{"line":121,"column":12},"end":{"line":126,"column":13}},{"start":{"line":121,"column":12},"end":{"line":126,"column":13}}],"line":121},"15":{"loc":{"start":{"line":123,"column":35},"end":{"line":123,"column":100}},"type":"cond-expr","locations":[{"start":{"line":123,"column":69},"end":{"line":123,"column":83}},{"start":{"line":123,"column":86},"end":{"line":123,"column":100}}],"line":123}},"s":{"0":10,"1":10,"2":10,"3":10,"4":10,"5":10,"6":10,"7":10,"8":10,"9":15,"10":15,"11":15,"12":43,"13":297,"14":43,"15":33,"16":10,"17":10,"18":5,"19":80,"20":10,"21":34,"22":442,"23":10,"24":3,"25":3,"26":3,"27":2,"28":2,"29":1,"30":1,"31":1,"32":10,"33":34,"34":10,"35":7,"36":4,"37":4,"38":4,"39":3,"40":1,"41":1,"42":1,"43":2,"44":1,"45":1,"46":2,"47":10,"48":3,"49":3,"50":3,"51":27,"52":14,"53":10,"54":6,"55":10,"56":13,"57":10,"58":12,"59":10,"60":12,"61":12,"62":70,"63":10,"64":12,"65":10,"66":11,"67":11,"68":11,"69":11,"70":3,"71":1,"72":2,"73":1,"74":1,"75":1,"76":1,"77":8,"78":4,"79":4,"80":3,"81":3,"82":3,"83":3,"84":1,"85":4,"86":10,"87":2,"88":10,"89":10},"f":{"0":10,"1":15,"2":297,"3":5,"4":80,"5":34,"6":442,"7":3,"8":34,"9":7,"10":3,"11":27,"12":14,"13":6,"14":13,"15":12,"16":12,"17":70,"18":12,"19":11,"20":2},"b":{"0":[297,277],"1":[33,10],"2":[2,1],"3":[4,3],"4":[7,5],"5":[1,2],"6":[3,2],"7":[1,1],"8":[2,1],"9":[3,1],"10":[3,8],"11":[1,2],"12":[1,1],"13":[4,4],"14":[3,1],"15":[1,2]},"_coverageSchema":"1a1c01bbd47fc00a2c39e90264f33305004495a9","hash":"6283e794d2a23ae174c31e6d7b4bd73d36347d1e"}
}
