TN:
SF:actions\auditAction.js
FN:5,(anonymous_0)
FNF:1
FNH:1
FNDA:2,(anonymous_0)
DA:1,2
DA:2,2
DA:3,2
DA:5,2
DA:6,2
DA:7,1
DA:9,1
DA:13,2
LF:8
LH:8
BRDA:6,0,0,1
BRDA:6,0,1,1
BRF:2
BRH:2
end_of_record
TN:
SF:actions\budgetAction.js
FN:6,(anonymous_0)
FNF:1
FNH:1
FNDA:2,(anonymous_0)
DA:1,2
DA:2,2
DA:3,2
DA:4,2
DA:6,2
DA:7,2
DA:8,1
DA:9,1
DA:10,1
DA:11,1
DA:12,1
DA:13,1
DA:14,1
DA:16,1
DA:20,2
LF:15
LH:15
BRDA:7,0,0,1
BRDA:7,0,1,1
BRF:2
BRH:2
end_of_record
TN:
SF:actions\buyAction.js
FN:8,(anonymous_0)
FNF:1
FNH:1
FNDA:4,(anonymous_0)
DA:1,2
DA:2,2
DA:3,2
DA:4,2
DA:5,2
DA:6,2
DA:8,2
DA:9,4
DA:10,3
DA:11,3
DA:12,3
DA:13,3
DA:14,2
DA:15,1
DA:16,1
DA:17,1
DA:18,1
DA:19,1
DA:20,1
DA:21,1
DA:22,1
DA:25,0
DA:26,0
DA:27,0
DA:28,0
DA:31,1
DA:34,1
DA:35,1
DA:36,1
DA:37,1
DA:40,1
DA:44,2
LF:32
LH:28
BRDA:9,0,0,3
BRDA:9,0,1,1
BRDA:13,1,0,2
BRDA:13,1,1,1
BRDA:14,2,0,1
BRDA:14,2,1,1
BRDA:19,3,0,1
BRDA:19,3,1,0
BRDA:19,4,0,1
BRDA:19,4,1,0
BRF:10
BRH:8
end_of_record
TN:
SF:actions\orderAction.js
FN:6,(anonymous_0)
FN:9,(anonymous_1)
FN:22,(anonymous_2)
FN:24,(anonymous_3)
FN:30,(anonymous_4)
FN:32,(anonymous_5)
FN:40,(anonymous_6)
FN:42,(anonymous_7)
FN:50,(anonymous_8)
FN:59,(anonymous_9)
FN:81,(anonymous_10)
FN:106,(anonymous_11)
FN:119,(anonymous_12)
FNF:13
FNH:9
FNDA:14,(anonymous_0)
FNDA:52,(anonymous_1)
FNDA:3,(anonymous_2)
FNDA:8,(anonymous_3)
FNDA:4,(anonymous_4)
FNDA:7,(anonymous_5)
FNDA:3,(anonymous_6)
FNDA:5,(anonymous_7)
FNDA:1,(anonymous_8)
FNDA:0,(anonymous_9)
FNDA:0,(anonymous_10)
FNDA:0,(anonymous_11)
FNDA:0,(anonymous_12)
DA:1,2
DA:2,2
DA:3,2
DA:4,2
DA:6,2
DA:7,14
DA:8,14
DA:9,14
DA:10,52
DA:12,52
DA:13,27
DA:15,52
DA:16,52
DA:18,14
DA:19,14
DA:22,2
DA:23,3
DA:24,8
DA:26,3
DA:27,3
DA:30,2
DA:31,4
DA:32,4
DA:33,7
DA:34,7
DA:36,4
DA:37,4
DA:40,2
DA:41,3
DA:42,3
DA:43,5
DA:44,5
DA:46,3
DA:47,3
DA:50,2
DA:51,1
DA:52,1
DA:53,1
DA:54,1
DA:55,1
DA:56,1
DA:58,0
DA:59,0
DA:60,0
DA:61,0
DA:62,0
DA:63,0
DA:66,0
DA:67,0
DA:68,0
DA:71,0
DA:72,0
DA:75,1
DA:78,0
DA:79,0
DA:80,0
DA:81,0
DA:82,0
DA:83,0
DA:84,0
DA:85,0
DA:88,0
DA:89,0
DA:90,0
DA:94,0
DA:95,0
DA:98,0
DA:101,0
DA:102,0
DA:103,0
DA:105,0
DA:106,0
DA:107,0
DA:108,0
DA:109,0
DA:110,0
DA:113,0
DA:114,0
DA:115,0
DA:118,0
DA:119,0
DA:120,0
DA:121,0
DA:122,0
DA:123,0
DA:126,0
DA:127,0
DA:128,0
DA:132,0
DA:136,0
DA:137,0
DA:140,0
DA:144,2
LF:93
LH:43
BRDA:12,0,0,27
BRDA:12,0,1,25
BRDA:27,1,0,1
BRDA:27,1,1,2
BRDA:37,2,0,4
BRDA:37,2,1,0
BRDA:47,3,0,3
BRDA:47,3,1,0
BRDA:53,4,0,1
BRDA:53,4,1,0
BRDA:55,5,0,1
BRDA:55,5,1,0
BRDA:56,6,0,0
BRDA:56,6,1,1
BRDA:58,7,0,0
BRDA:58,7,1,0
BRDA:63,8,0,0
BRDA:63,8,1,0
BRDA:78,9,0,0
BRDA:78,9,1,0
BRDA:79,10,0,0
BRDA:79,10,1,0
BRDA:80,11,0,0
BRDA:80,11,1,0
BRDA:85,12,0,0
BRDA:85,12,1,0
BRDA:101,13,0,0
BRDA:101,13,1,0
BRDA:103,14,0,0
BRDA:103,14,1,0
BRDA:105,15,0,0
BRDA:105,15,1,0
BRDA:110,16,0,0
BRDA:110,16,1,0
BRDA:118,17,0,0
BRDA:118,17,1,0
BRDA:123,18,0,0
BRDA:123,18,1,0
BRDA:136,19,0,0
BRDA:136,19,1,0
BRF:40
BRH:9
end_of_record
TN:
SF:actions\tableAction.js
FN:9,(anonymous_0)
FN:12,(anonymous_1)
FN:13,(anonymous_2)
FN:15,(anonymous_3)
FN:16,(anonymous_4)
FN:18,(anonymous_5)
FN:19,(anonymous_6)
FN:24,(anonymous_7)
FNF:8
FNH:8
FNDA:7,(anonymous_0)
FNDA:22,(anonymous_1)
FNDA:55,(anonymous_2)
FNDA:22,(anonymous_3)
FNDA:41,(anonymous_4)
FNDA:14,(anonymous_5)
FNDA:25,(anonymous_6)
FNDA:7,(anonymous_7)
DA:1,2
DA:2,2
DA:3,2
DA:4,2
DA:5,2
DA:6,2
DA:7,2
DA:9,2
DA:10,7
DA:11,6
DA:12,5
DA:13,55
DA:15,5
DA:16,41
DA:18,5
DA:19,25
DA:20,14
DA:23,5
DA:24,5
DA:25,7
DA:26,7
DA:28,7
DA:31,5
DA:32,1
DA:33,1
DA:34,1
DA:35,1
DA:37,4
DA:38,1
DA:39,1
DA:40,1
DA:41,1
DA:43,3
DA:44,1
DA:45,1
DA:46,1
DA:47,1
DA:49,2
DA:50,1
DA:51,1
DA:52,1
DA:53,0
DA:55,1
DA:56,1
DA:58,1
DA:59,1
DA:60,1
DA:61,1
DA:64,1
DA:67,1
DA:71,2
LF:51
LH:50
BRDA:10,0,0,6
BRDA:10,0,1,1
BRDA:11,1,0,5
BRDA:11,1,1,1
BRDA:28,2,0,7
BRDA:28,2,1,1
BRDA:31,3,0,1
BRDA:31,3,1,4
BRDA:37,4,0,1
BRDA:37,4,1,3
BRDA:43,5,0,1
BRDA:43,5,1,2
BRDA:49,6,0,1
BRDA:49,6,1,1
BRDA:52,7,0,0
BRDA:52,7,1,1
BRF:16
BRH:15
end_of_record
TN:
SF:handlers\kitchenHandler.js
FN:10,(anonymous_0)
FN:11,(anonymous_1)
FN:14,(anonymous_2)
FN:26,(anonymous_3)
FN:34,(anonymous_4)
FN:47,(anonymous_5)
FN:55,(anonymous_6)
FNF:7
FNH:6
FNDA:5,(anonymous_0)
FNDA:11,(anonymous_1)
FNDA:3,(anonymous_2)
FNDA:5,(anonymous_3)
FNDA:1,(anonymous_4)
FNDA:0,(anonymous_5)
FNDA:3,(anonymous_6)
DA:1,6
DA:2,6
DA:3,6
DA:4,6
DA:5,6
DA:7,6
DA:10,6
DA:11,11
DA:14,6
DA:15,3
DA:16,3
DA:17,2
DA:18,2
DA:20,1
DA:23,3
DA:26,6
DA:27,5
DA:28,5
DA:29,4
DA:31,1
DA:34,6
DA:35,1
DA:36,1
DA:37,1
DA:38,1
DA:39,1
DA:40,0
DA:41,1
DA:42,0
DA:44,1
DA:47,6
DA:48,0
DA:49,0
DA:50,0
DA:51,0
DA:52,0
DA:55,6
DA:57,3
DA:58,3
DA:59,3
DA:63,6
DA:65,6
LF:42
LH:35
BRDA:16,0,0,2
BRDA:16,0,1,1
BRDA:23,1,0,2
BRDA:23,1,1,1
BRDA:28,2,0,4
BRDA:28,2,1,1
BRDA:39,3,0,0
BRDA:39,3,1,1
BRDA:41,4,0,0
BRDA:41,4,1,1
BRDA:58,5,0,1
BRDA:58,5,1,2
BRF:12
BRH:10
end_of_record
TN:
SF:helpers\helpers.js
FN:5,(anonymous_0)
FN:10,(anonymous_1)
FN:17,(anonymous_2)
FN:20,(anonymous_3)
FNF:4
FNH:4
FNDA:3,(anonymous_0)
FNDA:4,(anonymous_1)
FNDA:18,(anonymous_2)
FNDA:312,(anonymous_3)
DA:1,10
DA:3,10
DA:5,10
DA:6,3
DA:7,3
DA:10,10
DA:11,4
DA:12,4
DA:13,4
DA:17,10
DA:18,18
DA:19,18
DA:20,312
DA:21,33
DA:23,8
DA:28,10
LF:16
LH:16
BRDA:20,0,0,33
BRDA:20,0,1,8
BRF:2
BRH:2
end_of_record
TN:
SF:main\lineReader.js
FN:19,(anonymous_0)
FN:23,(anonymous_1)
FN:33,(anonymous_2)
FN:41,(anonymous_3)
FNF:4
FNH:1
FNDA:1,(anonymous_0)
FNDA:0,(anonymous_1)
FNDA:0,(anonymous_2)
FNDA:0,(anonymous_3)
DA:1,1
DA:2,1
DA:3,1
DA:4,1
DA:5,1
DA:6,1
DA:7,1
DA:8,1
DA:9,1
DA:11,1
DA:12,1
DA:14,1
DA:19,1
DA:20,1
DA:21,1
DA:23,1
DA:24,0
DA:25,0
DA:26,0
DA:28,0
DA:29,0
DA:30,0
DA:31,0
DA:33,0
DA:35,0
DA:37,0
DA:38,0
DA:39,0
DA:42,0
DA:43,0
DA:46,1
DA:48,1
LF:32
LH:18
BRF:0
BRH:0
end_of_record
TN:
SF:main\main.js
FN:15,(anonymous_0)
FNF:1
FNH:1
FNDA:1,(anonymous_0)
DA:1,1
DA:2,1
DA:3,1
DA:4,1
DA:5,1
DA:6,1
DA:7,1
DA:8,1
DA:9,1
DA:11,1
DA:12,1
DA:13,1
DA:15,1
DA:16,1
DA:17,3
DA:18,2
DA:20,2
DA:21,2
DA:23,0
DA:24,0
DA:26,0
DA:27,0
DA:29,0
DA:30,0
DA:32,0
DA:33,0
DA:35,0
DA:36,0
DA:38,2
DA:44,1
LF:30
LH:20
BRDA:17,0,0,2
BRDA:17,0,1,1
BRDA:17,1,0,3
BRDA:17,1,1,1
BRDA:21,2,0,0
BRDA:21,2,1,0
BRDA:21,2,2,0
BRDA:21,2,3,0
BRDA:21,2,4,0
BRDA:21,2,5,2
BRF:10
BRH:5
end_of_record
TN:
SF:servises\audit.js
FN:7,(anonymous_0)
FN:11,(anonymous_1)
FN:23,(anonymous_2)
FN:30,(anonymous_3)
FN:34,(anonymous_4)
FN:48,(anonymous_5)
FNF:6
FNH:2
FNDA:8,(anonymous_0)
FNDA:0,(anonymous_1)
FNDA:0,(anonymous_2)
FNDA:0,(anonymous_3)
FNDA:0,(anonymous_4)
FNDA:1,(anonymous_5)
DA:1,8
DA:2,8
DA:4,8
DA:8,8
DA:11,8
DA:13,0
DA:20,0
DA:23,8
DA:24,0
DA:25,0
DA:27,0
DA:30,8
DA:31,0
DA:32,0
DA:34,0
DA:35,0
DA:38,0
DA:42,0
DA:44,0
DA:45,0
DA:48,8
DA:49,1
DA:53,8
DA:55,8
LF:24
LH:11
BRDA:35,0,0,0
BRDA:35,0,1,0
BRF:2
BRH:0
end_of_record
TN:
SF:servises\buyService.js
FN:22,(anonymous_0)
FN:25,(anonymous_1)
FN:27,(anonymous_2)
FN:28,(anonymous_3)
FN:37,(anonymous_4)
FN:42,(anonymous_5)
FN:46,(anonymous_6)
FN:49,(anonymous_7)
FN:50,(anonymous_8)
FN:53,(anonymous_9)
FN:58,(anonymous_10)
FN:66,(anonymous_11)
FN:88,(anonymous_12)
FN:103,(anonymous_13)
FN:123,(anonymous_14)
FN:125,(anonymous_15)
FN:130,(anonymous_16)
FN:133,(anonymous_17)
FN:136,(anonymous_18)
FN:140,(anonymous_19)
FN:154,(anonymous_20)
FN:163,(anonymous_21)
FN:176,(anonymous_22)
FNF:23
FNH:22
FNDA:4,(anonymous_0)
FNDA:8,(anonymous_1)
FNDA:8,(anonymous_2)
FNDA:15,(anonymous_3)
FNDA:12,(anonymous_4)
FNDA:14,(anonymous_5)
FNDA:9,(anonymous_6)
FNDA:22,(anonymous_7)
FNDA:13,(anonymous_8)
FNDA:5,(anonymous_9)
FNDA:5,(anonymous_10)
FNDA:2,(anonymous_11)
FNDA:0,(anonymous_12)
FNDA:6,(anonymous_13)
FNDA:3,(anonymous_14)
FNDA:6,(anonymous_15)
FNDA:4,(anonymous_16)
FNDA:2,(anonymous_17)
FNDA:2,(anonymous_18)
FNDA:2,(anonymous_19)
FNDA:2,(anonymous_20)
FNDA:1,(anonymous_21)
FNDA:5,(anonymous_22)
DA:1,4
DA:2,4
DA:3,4
DA:4,4
DA:5,4
DA:6,4
DA:7,4
DA:8,4
DA:9,4
DA:10,4
DA:11,4
DA:12,4
DA:14,4
DA:15,4
DA:16,4
DA:17,4
DA:18,4
DA:19,4
DA:23,4
DA:25,4
DA:26,8
DA:27,8
DA:28,8
DA:29,15
DA:30,2
DA:34,8
DA:37,4
DA:38,12
DA:39,12
DA:42,4
DA:43,14
DA:46,4
DA:47,9
DA:48,9
DA:49,22
DA:50,13
DA:53,4
DA:54,5
DA:55,5
DA:58,4
DA:59,5
DA:60,5
DA:61,5
DA:63,5
DA:66,4
DA:67,2
DA:68,2
DA:69,1
DA:70,1
DA:72,1
DA:73,0
DA:76,1
DA:77,1
DA:78,1
DA:79,1
DA:80,1
DA:81,1
DA:82,1
DA:83,1
DA:84,1
DA:88,4
DA:89,0
DA:90,0
DA:92,0
DA:94,0
DA:95,0
DA:96,0
DA:98,0
DA:99,0
DA:100,0
DA:103,4
DA:104,6
DA:105,6
DA:107,6
DA:109,6
DA:110,6
DA:111,3
DA:113,6
DA:114,1
DA:115,5
DA:116,1
DA:118,4
DA:119,4
DA:123,4
DA:124,3
DA:125,3
DA:126,6
DA:127,6
DA:130,4
DA:132,3
DA:133,1
DA:134,2
DA:136,1
DA:137,2
DA:139,1
DA:140,1
DA:141,2
DA:142,2
DA:143,2
DA:144,2
DA:145,2
DA:146,2
DA:147,2
DA:148,2
DA:149,2
DA:151,1
DA:152,1
DA:154,2
DA:155,2
DA:157,2
DA:159,2
DA:163,4
DA:164,1
DA:165,1
DA:166,1
DA:167,1
DA:168,1
DA:169,1
DA:170,1
DA:173,1
DA:176,4
DA:177,5
DA:179,5
DA:181,1
DA:182,1
DA:184,1
DA:185,1
DA:187,3
DA:188,1
DA:190,2
DA:191,2
DA:197,4
DA:199,4
LF:133
LH:123
BRDA:29,0,0,2
BRDA:29,0,1,13
BRDA:34,1,0,2
BRDA:34,1,1,6
BRDA:43,2,0,10
BRDA:43,2,1,4
BRDA:55,3,0,0
BRDA:55,3,1,5
BRDA:68,4,0,1
BRDA:68,4,1,1
BRDA:72,5,0,0
BRDA:72,5,1,1
BRDA:83,6,0,0
BRDA:83,6,1,1
BRDA:92,7,0,0
BRDA:92,7,1,0
BRDA:95,8,0,0
BRDA:95,8,1,0
BRDA:95,9,0,0
BRDA:95,9,1,0
BRDA:107,10,0,6
BRDA:107,10,1,5
BRDA:110,11,0,3
BRDA:110,11,1,3
BRDA:110,12,0,6
BRDA:110,12,1,3
BRDA:113,13,0,1
BRDA:113,13,1,5
BRDA:115,14,0,1
BRDA:115,14,1,4
BRDA:132,15,0,1
BRDA:132,15,1,2
BRDA:144,16,0,0
BRDA:144,16,1,2
BRDA:166,17,0,1
BRDA:166,17,1,0
BRDA:166,18,0,1
BRDA:166,18,1,1
BRDA:168,19,0,1
BRDA:168,19,1,0
BRDA:168,20,0,1
BRDA:168,20,1,1
BRDA:179,21,0,1
BRDA:179,21,1,1
BRDA:179,21,2,3
BRDA:187,22,0,1
BRDA:187,22,1,2
BRF:47
BRH:35
end_of_record
TN:
SF:servises\discountService.js
FN:2,(anonymous_0)
FN:6,(anonymous_1)
FN:10,(anonymous_2)
FN:14,(anonymous_3)
FN:16,(anonymous_4)
FN:23,(anonymous_5)
FN:27,(anonymous_6)
FN:32,(anonymous_7)
FN:37,(anonymous_8)
FNF:9
FNH:9
FNDA:9,(anonymous_0)
FNDA:19,(anonymous_1)
FNDA:4,(anonymous_2)
FNDA:19,(anonymous_3)
FNDA:41,(anonymous_4)
FNDA:7,(anonymous_5)
FNDA:5,(anonymous_6)
FNDA:3,(anonymous_7)
FNDA:16,(anonymous_8)
DA:3,9
DA:6,9
DA:7,19
DA:10,9
DA:11,4
DA:14,9
DA:15,19
DA:16,41
DA:17,19
DA:18,5
DA:20,14
DA:23,9
DA:24,7
DA:27,9
DA:28,5
DA:29,5
DA:32,9
DA:33,3
DA:34,3
DA:37,9
DA:38,16
DA:39,16
DA:40,1
DA:41,1
DA:43,15
DA:47,9
DA:49,9
LF:27
LH:27
BRDA:17,0,0,5
BRDA:17,0,1,14
BRDA:24,1,0,4
BRDA:24,1,1,3
BRDA:39,2,0,1
BRDA:39,2,1,15
BRF:6
BRH:6
end_of_record
TN:
SF:servises\fileReader.js
FN:4,(anonymous_0)
FN:7,(anonymous_1)
FNF:2
FNH:1
FNDA:0,(anonymous_0)
FNDA:11,(anonymous_1)
DA:1,11
DA:4,11
DA:5,0
DA:7,11
DA:8,11
DA:12,11
DA:14,11
LF:7
LH:6
BRF:0
BRH:0
end_of_record
TN:
SF:servises\orderService.js
FN:6,(anonymous_0)
FN:8,(anonymous_1)
FN:9,(anonymous_2)
FNF:3
FNH:3
FNDA:3,(anonymous_0)
FNDA:7,(anonymous_1)
FNDA:4,(anonymous_2)
DA:1,9
DA:2,9
DA:3,9
DA:6,9
DA:7,3
DA:8,7
DA:9,4
DA:10,3
DA:11,3
DA:12,3
DA:13,3
DA:14,3
DA:18,9
DA:20,9
LF:14
LH:14
BRF:0
BRH:0
end_of_record
TN:
SF:servises\restaurantBudget.js
FN:14,(anonymous_0)
FN:18,(anonymous_1)
FN:22,(anonymous_2)
FN:27,(anonymous_3)
FN:33,(anonymous_4)
FN:41,(anonymous_5)
FN:53,(anonymous_6)
FNF:7
FNH:7
FNDA:8,(anonymous_0)
FNDA:3,(anonymous_1)
FNDA:6,(anonymous_2)
FNDA:6,(anonymous_3)
FNDA:3,(anonymous_4)
FNDA:4,(anonymous_5)
FNDA:5,(anonymous_6)
DA:1,8
DA:2,8
DA:3,8
DA:4,8
DA:5,8
DA:6,8
DA:7,8
DA:8,8
DA:10,8
DA:11,8
DA:15,8
DA:18,8
DA:19,3
DA:22,8
DA:23,6
DA:24,6
DA:27,8
DA:28,6
DA:29,6
DA:30,6
DA:33,8
DA:34,3
DA:35,3
DA:36,3
DA:37,3
DA:38,3
DA:41,8
DA:42,4
DA:43,1
DA:45,3
DA:46,1
DA:48,2
DA:49,1
DA:53,8
DA:54,5
DA:55,5
DA:57,0
DA:58,0
DA:59,0
DA:61,0
DA:66,8
DA:68,8
LF:42
LH:38
BRDA:24,0,0,0
BRDA:24,0,1,6
BRDA:42,1,0,1
BRDA:42,1,1,3
BRDA:45,2,0,1
BRDA:45,2,1,2
BRDA:48,3,0,1
BRDA:48,3,1,1
BRDA:54,4,0,5
BRDA:54,4,1,0
BRF:10
BRH:8
end_of_record
TN:
SF:servises\taxService.js
FN:2,(anonymous_0)
FN:5,(anonymous_1)
FN:9,(anonymous_2)
FN:14,(anonymous_3)
FN:18,(anonymous_4)
FN:22,(anonymous_5)
FN:27,(anonymous_6)
FN:34,(anonymous_7)
FN:38,(anonymous_8)
FN:43,(anonymous_9)
FNF:10
FNH:9
FNDA:12,(anonymous_0)
FNDA:0,(anonymous_1)
FNDA:13,(anonymous_2)
FNDA:6,(anonymous_3)
FNDA:8,(anonymous_4)
FNDA:5,(anonymous_5)
FNDA:4,(anonymous_6)
FNDA:39,(anonymous_7)
FNDA:36,(anonymous_8)
FNDA:33,(anonymous_9)
DA:3,12
DA:5,12
DA:6,0
DA:9,12
DA:10,13
DA:11,13
DA:14,12
DA:15,6
DA:18,12
DA:19,8
DA:22,12
DA:23,5
DA:24,5
DA:27,12
DA:28,4
DA:29,4
DA:30,4
DA:31,4
DA:34,12
DA:35,39
DA:38,12
DA:39,36
DA:40,36
DA:43,12
DA:44,33
DA:45,33
DA:49,12
DA:51,12
LF:28
LH:27
BRDA:19,0,0,6
BRDA:19,0,1,2
BRDA:31,1,0,2
BRDA:31,1,1,2
BRDA:35,2,0,32
BRDA:35,2,1,7
BRF:6
BRH:6
end_of_record
TN:
SF:servises\warehousesHandler.js
FN:11,(anonymous_0)
FN:15,(anonymous_1)
FN:18,(anonymous_2)
FN:27,(anonymous_3)
FN:28,(anonymous_4)
FN:31,(anonymous_5)
FN:32,(anonymous_6)
FN:34,(anonymous_7)
FN:46,(anonymous_8)
FN:49,(anonymous_9)
FN:65,(anonymous_10)
FN:70,(anonymous_11)
FN:71,(anonymous_12)
FN:74,(anonymous_13)
FN:78,(anonymous_14)
FN:82,(anonymous_15)
FN:86,(anonymous_16)
FN:88,(anonymous_17)
FN:93,(anonymous_18)
FN:97,(anonymous_19)
FN:134,(anonymous_20)
FNF:21
FNH:21
FNDA:9,(anonymous_0)
FNDA:15,(anonymous_1)
FNDA:297,(anonymous_2)
FNDA:5,(anonymous_3)
FNDA:80,(anonymous_4)
FNDA:32,(anonymous_5)
FNDA:416,(anonymous_6)
FNDA:3,(anonymous_7)
FNDA:34,(anonymous_8)
FNDA:7,(anonymous_9)
FNDA:3,(anonymous_10)
FNDA:27,(anonymous_11)
FNDA:14,(anonymous_12)
FNDA:6,(anonymous_13)
FNDA:13,(anonymous_14)
FNDA:12,(anonymous_15)
FNDA:12,(anonymous_16)
FNDA:70,(anonymous_17)
FNDA:12,(anonymous_18)
FNDA:11,(anonymous_19)
FNDA:2,(anonymous_20)
DA:1,9
DA:2,9
DA:3,9
DA:5,9
DA:6,9
DA:7,9
DA:8,9
DA:12,9
DA:15,9
DA:16,15
DA:17,15
DA:18,297
DA:19,43
DA:20,33
DA:22,10
DA:27,9
DA:28,80
DA:31,9
DA:32,416
DA:34,9
DA:35,3
DA:36,3
DA:37,3
DA:38,2
DA:39,2
DA:41,1
DA:42,1
DA:43,1
DA:46,9
DA:47,34
DA:49,9
DA:50,7
DA:51,4
DA:52,4
DA:53,4
DA:54,3
DA:55,1
DA:56,1
DA:57,1
DA:58,2
DA:59,1
DA:61,1
DA:62,2
DA:65,9
DA:66,3
DA:67,3
DA:69,3
DA:70,27
DA:71,14
DA:74,9
DA:75,6
DA:78,9
DA:79,13
DA:82,9
DA:83,12
DA:86,9
DA:87,12
DA:88,12
DA:89,70
DA:93,9
DA:94,12
DA:97,9
DA:98,11
DA:99,11
DA:100,11
DA:103,11
DA:105,3
DA:106,1
DA:109,2
DA:110,1
DA:111,1
DA:112,1
DA:115,1
DA:118,8
DA:119,4
DA:121,4
DA:122,3
DA:123,3
DA:124,3
DA:125,3
DA:128,1
DA:131,4
DA:134,9
DA:135,2
DA:139,9
DA:141,9
LF:86
LH:86
BRDA:18,0,0,297
BRDA:18,0,1,277
BRDA:19,1,0,33
BRDA:19,1,1,10
BRDA:37,2,0,2
BRDA:37,2,1,1
BRDA:50,3,0,4
BRDA:50,3,1,3
BRDA:50,4,0,7
BRDA:50,4,1,5
BRDA:54,5,0,1
BRDA:54,5,1,2
BRDA:54,6,0,3
BRDA:54,6,1,2
BRDA:58,7,0,1
BRDA:58,7,1,1
BRDA:58,8,0,2
BRDA:58,8,1,1
BRDA:69,9,0,3
BRDA:69,9,1,1
BRDA:103,10,0,3
BRDA:103,10,1,8
BRDA:105,11,0,1
BRDA:105,11,1,2
BRDA:109,12,0,1
BRDA:109,12,1,1
BRDA:118,13,0,4
BRDA:118,13,1,4
BRDA:121,14,0,3
BRDA:121,14,1,1
BRDA:123,15,0,1
BRDA:123,15,1,2
BRF:32
BRH:32
end_of_record
