TN:
SF:actions\auditAction.js
FN:5,(anonymous_0)
FNF:1
FNH:1
FNDA:2,(anonymous_0)
DA:1,2
DA:2,2
DA:3,2
DA:5,2
DA:6,2
DA:7,1
DA:9,1
DA:13,2
LF:8
LH:8
BRDA:6,0,0,1
BRDA:6,0,1,1
BRF:2
BRH:2
end_of_record
TN:
SF:actions\budgetAction.js
FN:7,(anonymous_0)
FNF:1
FNH:1
FNDA:2,(anonymous_0)
DA:1,2
DA:2,2
DA:3,2
DA:4,2
DA:5,2
DA:7,2
DA:8,2
DA:9,1
DA:10,1
DA:11,1
DA:12,1
DA:13,1
DA:14,1
DA:15,1
DA:16,1
DA:17,1
DA:19,1
DA:20,0
DA:24,1
DA:28,2
LF:20
LH:19
BRDA:8,0,0,1
BRDA:8,0,1,1
BRDA:10,1,0,1
BRDA:10,1,1,0
BRDA:19,2,0,0
BRDA:19,2,1,1
BRF:6
BRH:4
end_of_record
TN:
SF:actions\buyAction.js
FN:9,(anonymous_0)
FNF:1
FNH:1
FNDA:4,(anonymous_0)
DA:1,2
DA:2,2
DA:3,2
DA:4,2
DA:5,2
DA:6,2
DA:7,2
DA:9,2
DA:10,4
DA:11,3
DA:12,3
DA:13,3
DA:14,3
DA:16,3
DA:17,2
DA:18,1
DA:19,1
DA:20,1
DA:21,1
DA:22,1
DA:23,1
DA:24,1
DA:25,1
DA:28,0
DA:29,0
DA:30,0
DA:31,0
DA:34,1
DA:35,0
DA:37,1
DA:40,1
DA:41,1
DA:42,1
DA:43,1
DA:46,1
DA:50,2
LF:36
LH:31
BRDA:10,0,0,3
BRDA:10,0,1,1
BRDA:16,1,0,2
BRDA:16,1,1,1
BRDA:17,2,0,1
BRDA:17,2,1,1
BRDA:17,3,0,2
BRDA:17,3,1,1
BRDA:22,4,0,1
BRDA:22,4,1,0
BRDA:22,5,0,1
BRDA:22,5,1,0
BRDA:34,6,0,0
BRDA:34,6,1,1
BRF:14
BRH:11
end_of_record
TN:
SF:actions\orderAction.js
FN:8,(anonymous_0)
FN:9,(anonymous_1)
FN:32,(anonymous_2)
FN:33,(anonymous_3)
FN:44,(anonymous_4)
FN:59,(anonymous_5)
FNF:6
FNH:1
FNDA:0,(anonymous_0)
FNDA:0,(anonymous_1)
FNDA:0,(anonymous_2)
FNDA:0,(anonymous_3)
FNDA:0,(anonymous_4)
FNDA:2,(anonymous_5)
DA:1,2
DA:2,2
DA:3,2
DA:4,2
DA:5,2
DA:8,2
DA:9,0
DA:10,0
DA:11,0
DA:12,0
DA:13,0
DA:14,0
DA:15,0
DA:18,0
DA:19,0
DA:22,0
DA:23,0
DA:25,0
DA:26,0
DA:32,2
DA:33,0
DA:34,0
DA:35,0
DA:36,0
DA:37,0
DA:38,0
DA:39,0
DA:43,0
DA:44,0
DA:45,0
DA:48,0
DA:49,0
DA:50,0
DA:52,0
DA:53,0
DA:59,2
DA:60,2
DA:61,2
DA:62,2
DA:63,2
DA:65,2
DA:66,2
DA:67,1
DA:69,0
DA:70,0
DA:72,0
DA:73,0
DA:76,1
DA:77,0
DA:79,0
DA:82,0
DA:83,0
DA:86,1
DA:87,0
DA:88,0
DA:90,0
DA:92,0
DA:94,0
DA:97,1
DA:99,1
DA:100,0
DA:102,1
DA:104,0
DA:105,0
DA:109,2
LF:65
LH:21
BRDA:10,0,0,0
BRDA:10,0,1,0
BRDA:15,1,0,0
BRDA:15,1,1,0
BRDA:19,2,0,0
BRDA:19,2,1,0
BRDA:25,3,0,0
BRDA:25,3,1,0
BRDA:34,4,0,0
BRDA:34,4,1,0
BRDA:39,5,0,0
BRDA:39,5,1,0
BRDA:43,6,0,0
BRDA:43,6,1,0
BRDA:52,7,0,0
BRDA:52,7,1,0
BRDA:65,8,0,2
BRDA:65,8,1,0
BRDA:66,9,0,1
BRDA:66,9,1,1
BRDA:66,10,0,2
BRDA:66,10,1,1
BRDA:67,11,0,0
BRDA:67,11,1,1
BRDA:69,12,0,0
BRDA:69,12,1,0
BRDA:76,13,0,0
BRDA:76,13,1,1
BRDA:77,14,0,0
BRDA:77,14,1,0
BRDA:86,15,0,0
BRDA:86,15,1,1
BRDA:88,16,0,0
BRDA:88,16,1,0
BRDA:92,17,0,0
BRDA:92,17,1,0
BRDA:99,18,0,0
BRDA:99,18,1,1
BRDA:104,19,0,0
BRDA:104,19,1,0
BRF:40
BRH:9
end_of_record
TN:
SF:actions\tableAction.js
FN:10,(anonymous_0)
FN:15,(anonymous_1)
FN:16,(anonymous_2)
FN:18,(anonymous_3)
FN:19,(anonymous_4)
FN:21,(anonymous_5)
FN:22,(anonymous_6)
FN:28,(anonymous_7)
FNF:8
FNH:8
FNDA:7,(anonymous_0)
FNDA:22,(anonymous_1)
FNDA:55,(anonymous_2)
FNDA:22,(anonymous_3)
FNDA:41,(anonymous_4)
FNDA:14,(anonymous_5)
FNDA:25,(anonymous_6)
FNDA:7,(anonymous_7)
DA:1,2
DA:2,2
DA:3,2
DA:4,2
DA:5,2
DA:6,2
DA:7,2
DA:8,2
DA:10,2
DA:11,7
DA:12,6
DA:13,6
DA:14,6
DA:15,5
DA:16,55
DA:18,5
DA:19,41
DA:21,5
DA:22,25
DA:23,14
DA:26,5
DA:28,5
DA:29,7
DA:30,7
DA:32,7
DA:35,5
DA:36,1
DA:37,1
DA:38,1
DA:39,1
DA:41,4
DA:42,1
DA:43,1
DA:44,1
DA:45,1
DA:47,3
DA:48,1
DA:49,1
DA:50,1
DA:51,1
DA:52,2
DA:53,1
DA:54,1
DA:55,1
DA:56,0
DA:58,1
DA:59,1
DA:61,1
DA:62,1
DA:63,1
DA:64,1
DA:67,1
DA:68,0
DA:70,1
DA:73,1
DA:77,2
LF:56
LH:54
BRDA:11,0,0,6
BRDA:11,0,1,1
BRDA:14,1,0,5
BRDA:14,1,1,1
BRDA:14,2,0,6
BRDA:14,2,1,5
BRDA:32,3,0,7
BRDA:32,3,1,1
BRDA:35,4,0,1
BRDA:35,4,1,4
BRDA:41,5,0,1
BRDA:41,5,1,3
BRDA:47,6,0,1
BRDA:47,6,1,2
BRDA:52,7,0,1
BRDA:52,7,1,1
BRDA:55,8,0,0
BRDA:55,8,1,1
BRDA:67,9,0,0
BRDA:67,9,1,1
BRF:20
BRH:18
end_of_record
TN:
SF:actions\throwTrashAwayAction.js
FN:7,(anonymous_0)
FNF:1
FNH:1
FNDA:2,(anonymous_0)
DA:1,2
DA:2,2
DA:3,2
DA:4,2
DA:5,2
DA:7,2
DA:8,2
DA:9,1
DA:10,1
DA:12,1
DA:14,1
DA:16,1
DA:17,1
DA:18,1
DA:20,1
DA:24,2
LF:16
LH:16
BRDA:8,0,0,1
BRDA:8,0,1,1
BRF:2
BRH:2
end_of_record
TN:
SF:handlers\kitchenHandler.js
FN:11,(anonymous_0)
FN:12,(anonymous_1)
FN:15,(anonymous_2)
FN:27,(anonymous_3)
FN:35,(anonymous_4)
FN:49,(anonymous_5)
FN:60,(anonymous_6)
FN:67,(anonymous_7)
FNF:8
FNH:6
FNDA:5,(anonymous_0)
FNDA:11,(anonymous_1)
FNDA:3,(anonymous_2)
FNDA:5,(anonymous_3)
FNDA:1,(anonymous_4)
FNDA:0,(anonymous_5)
FNDA:3,(anonymous_6)
FNDA:0,(anonymous_7)
DA:1,7
DA:2,7
DA:3,7
DA:4,7
DA:5,7
DA:6,7
DA:8,7
DA:11,7
DA:12,11
DA:15,7
DA:16,3
DA:17,3
DA:18,2
DA:19,2
DA:21,1
DA:24,3
DA:27,7
DA:28,5
DA:29,5
DA:30,4
DA:32,1
DA:35,7
DA:36,1
DA:37,1
DA:38,1
DA:39,1
DA:40,1
DA:41,0
DA:42,1
DA:43,0
DA:45,1
DA:49,7
DA:50,0
DA:51,0
DA:52,0
DA:53,0
DA:54,0
DA:55,0
DA:57,0
DA:60,7
DA:62,3
DA:63,3
DA:64,3
DA:67,7
DA:68,0
DA:69,0
DA:70,0
DA:74,7
DA:76,7
LF:49
LH:37
BRDA:17,0,0,2
BRDA:17,0,1,1
BRDA:24,1,0,2
BRDA:24,1,1,1
BRDA:29,2,0,4
BRDA:29,2,1,1
BRDA:40,3,0,0
BRDA:40,3,1,1
BRDA:42,4,0,0
BRDA:42,4,1,1
BRDA:63,5,0,1
BRDA:63,5,1,2
BRF:12
BRH:10
end_of_record
TN:
SF:helpers\helpers.js
FN:4,(anonymous_0)
FN:9,(anonymous_1)
FN:16,(anonymous_2)
FN:19,(anonymous_3)
FNF:4
FNH:4
FNDA:4,(anonymous_0)
FNDA:4,(anonymous_1)
FNDA:18,(anonymous_2)
FNDA:312,(anonymous_3)
DA:1,11
DA:2,11
DA:4,11
DA:5,4
DA:6,4
DA:9,11
DA:10,4
DA:11,4
DA:12,4
DA:16,11
DA:17,18
DA:18,18
DA:19,312
DA:20,33
DA:22,8
DA:27,11
LF:16
LH:16
BRDA:19,0,0,33
BRDA:19,0,1,8
BRF:2
BRH:2
end_of_record
TN:
SF:main\lineReader.js
FN:19,(anonymous_0)
FN:23,(anonymous_1)
FN:33,(anonymous_2)
FN:41,(anonymous_3)
FNF:4
FNH:1
FNDA:1,(anonymous_0)
FNDA:0,(anonymous_1)
FNDA:0,(anonymous_2)
FNDA:0,(anonymous_3)
DA:1,1
DA:2,1
DA:3,1
DA:4,1
DA:5,1
DA:6,1
DA:7,1
DA:8,1
DA:9,1
DA:10,1
DA:11,1
DA:13,1
DA:19,1
DA:20,1
DA:21,1
DA:23,1
DA:24,0
DA:25,0
DA:26,0
DA:28,0
DA:29,0
DA:30,0
DA:31,0
DA:33,0
DA:35,0
DA:37,0
DA:38,0
DA:39,0
DA:42,0
DA:43,0
DA:46,1
DA:48,1
LF:32
LH:18
BRF:0
BRH:0
end_of_record
TN:
SF:main\main.js
FN:19,(anonymous_0)
FNF:1
FNH:1
FNDA:1,(anonymous_0)
DA:1,1
DA:2,1
DA:3,1
DA:4,1
DA:5,1
DA:6,1
DA:7,1
DA:8,1
DA:9,1
DA:10,1
DA:11,1
DA:13,1
DA:14,1
DA:15,1
DA:16,1
DA:17,1
DA:19,1
DA:20,1
DA:21,3
DA:22,2
DA:24,2
DA:25,2
DA:27,0
DA:28,0
DA:30,0
DA:31,0
DA:33,0
DA:34,0
DA:36,0
DA:37,0
DA:39,0
DA:40,0
DA:42,0
DA:43,0
DA:44,0
DA:46,2
DA:52,1
LF:37
LH:24
BRDA:21,0,0,2
BRDA:21,0,1,1
BRDA:21,1,0,3
BRDA:21,1,1,1
BRDA:21,1,2,1
BRDA:25,2,0,0
BRDA:25,2,1,0
BRDA:25,2,2,0
BRDA:25,2,3,0
BRDA:25,2,4,0
BRDA:25,2,5,0
BRDA:25,2,6,2
BRF:12
BRH:6
end_of_record
TN:
SF:servises\audit.js
FN:7,(anonymous_0)
FN:11,(anonymous_1)
FN:23,(anonymous_2)
FN:30,(anonymous_3)
FN:34,(anonymous_4)
FN:49,(anonymous_5)
FNF:6
FNH:2
FNDA:9,(anonymous_0)
FNDA:0,(anonymous_1)
FNDA:0,(anonymous_2)
FNDA:0,(anonymous_3)
FNDA:0,(anonymous_4)
FNDA:1,(anonymous_5)
DA:1,9
DA:2,9
DA:4,9
DA:8,9
DA:11,9
DA:13,0
DA:20,0
DA:23,9
DA:24,0
DA:25,0
DA:27,0
DA:30,9
DA:31,0
DA:32,0
DA:34,0
DA:35,0
DA:38,0
DA:43,0
DA:45,0
DA:46,0
DA:49,9
DA:50,1
DA:54,9
DA:56,9
LF:24
LH:11
BRDA:35,0,0,0
BRDA:35,0,1,0
BRF:2
BRH:0
end_of_record
TN:
SF:servises\buyService.js
FN:23,(anonymous_0)
FN:26,(anonymous_1)
FN:28,(anonymous_2)
FN:29,(anonymous_3)
FN:38,(anonymous_4)
FN:43,(anonymous_5)
FN:47,(anonymous_6)
FN:50,(anonymous_7)
FN:51,(anonymous_8)
FN:54,(anonymous_9)
FN:59,(anonymous_10)
FN:68,(anonymous_11)
FN:90,(anonymous_12)
FN:105,(anonymous_13)
FN:125,(anonymous_14)
FN:127,(anonymous_15)
FN:132,(anonymous_16)
FN:135,(anonymous_17)
FN:138,(anonymous_18)
FN:142,(anonymous_19)
FN:156,(anonymous_20)
FN:165,(anonymous_21)
FN:178,(anonymous_22)
FN:184,(anonymous_23)
FN:194,(anonymous_24)
FNF:25
FNH:24
FNDA:4,(anonymous_0)
FNDA:8,(anonymous_1)
FNDA:8,(anonymous_2)
FNDA:15,(anonymous_3)
FNDA:12,(anonymous_4)
FNDA:14,(anonymous_5)
FNDA:9,(anonymous_6)
FNDA:22,(anonymous_7)
FNDA:13,(anonymous_8)
FNDA:5,(anonymous_9)
FNDA:5,(anonymous_10)
FNDA:2,(anonymous_11)
FNDA:0,(anonymous_12)
FNDA:6,(anonymous_13)
FNDA:3,(anonymous_14)
FNDA:6,(anonymous_15)
FNDA:4,(anonymous_16)
FNDA:2,(anonymous_17)
FNDA:2,(anonymous_18)
FNDA:2,(anonymous_19)
FNDA:2,(anonymous_20)
FNDA:1,(anonymous_21)
FNDA:5,(anonymous_22)
FNDA:1,(anonymous_23)
FNDA:1,(anonymous_24)
DA:1,4
DA:2,4
DA:3,4
DA:4,4
DA:5,4
DA:6,4
DA:7,4
DA:8,4
DA:9,4
DA:10,4
DA:11,4
DA:12,4
DA:13,4
DA:15,4
DA:16,4
DA:17,4
DA:18,4
DA:19,4
DA:20,4
DA:24,4
DA:26,4
DA:27,8
DA:28,8
DA:29,8
DA:30,15
DA:31,2
DA:35,8
DA:38,4
DA:39,12
DA:40,12
DA:43,4
DA:44,14
DA:47,4
DA:48,9
DA:49,9
DA:50,22
DA:51,13
DA:54,4
DA:55,5
DA:56,5
DA:59,4
DA:60,5
DA:61,5
DA:62,5
DA:64,5
DA:68,4
DA:69,2
DA:70,2
DA:71,1
DA:72,1
DA:74,1
DA:75,0
DA:78,1
DA:79,1
DA:80,1
DA:81,1
DA:82,1
DA:83,1
DA:84,1
DA:85,1
DA:86,1
DA:90,4
DA:91,0
DA:92,0
DA:94,0
DA:96,0
DA:97,0
DA:98,0
DA:100,0
DA:101,0
DA:102,0
DA:105,4
DA:106,6
DA:107,6
DA:109,6
DA:111,6
DA:112,6
DA:113,3
DA:115,6
DA:116,1
DA:117,5
DA:118,1
DA:120,4
DA:121,4
DA:125,4
DA:126,3
DA:127,3
DA:128,6
DA:129,6
DA:132,4
DA:134,3
DA:135,1
DA:136,2
DA:138,1
DA:139,2
DA:141,1
DA:142,1
DA:143,2
DA:144,2
DA:145,2
DA:146,2
DA:147,2
DA:148,2
DA:149,2
DA:150,2
DA:151,2
DA:153,1
DA:154,1
DA:156,2
DA:157,2
DA:159,2
DA:161,2
DA:165,4
DA:166,1
DA:167,1
DA:168,1
DA:169,1
DA:170,1
DA:171,1
DA:172,1
DA:175,1
DA:178,4
DA:179,5
DA:181,5
DA:183,1
DA:184,1
DA:185,1
DA:187,1
DA:189,1
DA:190,1
DA:192,3
DA:193,1
DA:194,1
DA:195,1
DA:198,2
DA:199,2
DA:205,4
DA:207,4
LF:138
LH:128
BRDA:30,0,0,2
BRDA:30,0,1,13
BRDA:35,1,0,2
BRDA:35,1,1,6
BRDA:44,2,0,10
BRDA:44,2,1,4
BRDA:56,3,0,0
BRDA:56,3,1,5
BRDA:70,4,0,1
BRDA:70,4,1,1
BRDA:74,5,0,0
BRDA:74,5,1,1
BRDA:85,6,0,0
BRDA:85,6,1,1
BRDA:94,7,0,0
BRDA:94,7,1,0
BRDA:97,8,0,0
BRDA:97,8,1,0
BRDA:97,9,0,0
BRDA:97,9,1,0
BRDA:109,10,0,6
BRDA:109,10,1,5
BRDA:112,11,0,3
BRDA:112,11,1,3
BRDA:112,12,0,6
BRDA:112,12,1,3
BRDA:115,13,0,1
BRDA:115,13,1,5
BRDA:117,14,0,1
BRDA:117,14,1,4
BRDA:134,15,0,1
BRDA:134,15,1,2
BRDA:146,16,0,0
BRDA:146,16,1,2
BRDA:168,17,0,1
BRDA:168,17,1,0
BRDA:168,18,0,1
BRDA:168,18,1,1
BRDA:170,19,0,1
BRDA:170,19,1,0
BRDA:170,20,0,1
BRDA:170,20,1,1
BRDA:181,21,0,1
BRDA:181,21,1,1
BRDA:181,21,2,3
BRDA:192,22,0,1
BRDA:192,22,1,2
BRF:47
BRH:35
end_of_record
TN:
SF:servises\discountService.js
FN:2,(anonymous_0)
FN:6,(anonymous_1)
FN:10,(anonymous_2)
FN:14,(anonymous_3)
FN:16,(anonymous_4)
FN:23,(anonymous_5)
FN:27,(anonymous_6)
FN:32,(anonymous_7)
FN:37,(anonymous_8)
FNF:9
FNH:9
FNDA:10,(anonymous_0)
FNDA:19,(anonymous_1)
FNDA:4,(anonymous_2)
FNDA:19,(anonymous_3)
FNDA:41,(anonymous_4)
FNDA:7,(anonymous_5)
FNDA:5,(anonymous_6)
FNDA:3,(anonymous_7)
FNDA:16,(anonymous_8)
DA:3,10
DA:6,10
DA:7,19
DA:10,10
DA:11,4
DA:14,10
DA:15,19
DA:16,41
DA:17,19
DA:18,5
DA:20,14
DA:23,10
DA:24,7
DA:27,10
DA:28,5
DA:29,5
DA:32,10
DA:33,3
DA:34,3
DA:37,10
DA:38,16
DA:39,16
DA:40,1
DA:41,1
DA:43,15
DA:47,10
DA:49,10
LF:27
LH:27
BRDA:17,0,0,5
BRDA:17,0,1,14
BRDA:24,1,0,4
BRDA:24,1,1,3
BRDA:39,2,0,1
BRDA:39,2,1,15
BRF:6
BRH:6
end_of_record
TN:
SF:servises\fileReader.js
FN:4,(anonymous_0)
FN:7,(anonymous_1)
FN:10,(anonymous_2)
FNF:3
FNH:1
FNDA:0,(anonymous_0)
FNDA:11,(anonymous_1)
FNDA:0,(anonymous_2)
DA:1,12
DA:4,12
DA:5,0
DA:7,12
DA:8,11
DA:10,12
DA:11,0
DA:15,12
DA:17,12
LF:9
LH:7
BRF:0
BRH:0
end_of_record
TN:
SF:servises\orderService.js
FN:7,(anonymous_0)
FN:9,(anonymous_1)
FN:10,(anonymous_2)
FN:17,(anonymous_3)
FN:20,(anonymous_4)
FN:31,(anonymous_5)
FN:33,(anonymous_6)
FN:36,(anonymous_7)
FN:38,(anonymous_8)
FN:44,(anonymous_9)
FN:46,(anonymous_10)
FNF:11
FNH:11
FNDA:3,(anonymous_0)
FNDA:7,(anonymous_1)
FNDA:4,(anonymous_2)
FNDA:17,(anonymous_3)
FNDA:64,(anonymous_4)
FNDA:4,(anonymous_5)
FNDA:10,(anonymous_6)
FNDA:5,(anonymous_7)
FNDA:9,(anonymous_8)
FNDA:3,(anonymous_9)
FNDA:5,(anonymous_10)
DA:1,10
DA:2,10
DA:3,10
DA:4,10
DA:7,10
DA:8,3
DA:9,7
DA:10,4
DA:11,3
DA:12,3
DA:13,3
DA:14,3
DA:15,3
DA:17,10
DA:18,17
DA:19,17
DA:20,17
DA:21,64
DA:23,64
DA:24,33
DA:26,64
DA:27,64
DA:29,17
DA:31,10
DA:32,4
DA:33,10
DA:34,4
DA:36,10
DA:37,5
DA:38,5
DA:39,9
DA:40,9
DA:42,5
DA:44,10
DA:45,3
DA:46,3
DA:47,5
DA:48,5
DA:50,3
DA:54,10
DA:56,10
LF:41
LH:41
BRDA:23,0,0,33
BRDA:23,0,1,31
BRDA:34,1,0,1
BRDA:34,1,1,3
BRDA:42,2,0,5
BRDA:42,2,1,0
BRDA:50,3,0,3
BRDA:50,3,1,0
BRF:8
BRH:6
end_of_record
TN:
SF:servises\restaurantBudget.js
FN:14,(anonymous_0)
FN:18,(anonymous_1)
FN:22,(anonymous_2)
FN:27,(anonymous_3)
FN:33,(anonymous_4)
FN:41,(anonymous_5)
FN:53,(anonymous_6)
FNF:7
FNH:7
FNDA:9,(anonymous_0)
FNDA:3,(anonymous_1)
FNDA:6,(anonymous_2)
FNDA:6,(anonymous_3)
FNDA:3,(anonymous_4)
FNDA:4,(anonymous_5)
FNDA:5,(anonymous_6)
DA:1,9
DA:2,9
DA:3,9
DA:4,9
DA:5,9
DA:6,9
DA:7,9
DA:8,9
DA:10,9
DA:11,9
DA:15,9
DA:18,9
DA:19,3
DA:22,9
DA:23,6
DA:24,6
DA:27,9
DA:28,6
DA:29,6
DA:30,6
DA:33,9
DA:34,3
DA:35,3
DA:36,3
DA:37,3
DA:38,3
DA:41,9
DA:42,4
DA:43,1
DA:45,3
DA:46,1
DA:48,2
DA:49,1
DA:53,9
DA:54,5
DA:55,5
DA:58,0
DA:59,0
DA:61,0
DA:66,9
DA:68,9
LF:41
LH:38
BRDA:24,0,0,0
BRDA:24,0,1,6
BRDA:42,1,0,1
BRDA:42,1,1,3
BRDA:45,2,0,1
BRDA:45,2,1,2
BRDA:48,3,0,1
BRDA:48,3,1,1
BRDA:54,4,0,5
BRDA:54,4,1,0
BRF:10
BRH:8
end_of_record
TN:
SF:servises\taxService.js
FN:2,(anonymous_0)
FN:5,(anonymous_1)
FN:9,(anonymous_2)
FN:14,(anonymous_3)
FN:18,(anonymous_4)
FN:22,(anonymous_5)
FN:27,(anonymous_6)
FN:34,(anonymous_7)
FN:38,(anonymous_8)
FN:43,(anonymous_9)
FNF:10
FNH:9
FNDA:13,(anonymous_0)
FNDA:0,(anonymous_1)
FNDA:13,(anonymous_2)
FNDA:6,(anonymous_3)
FNDA:8,(anonymous_4)
FNDA:5,(anonymous_5)
FNDA:4,(anonymous_6)
FNDA:39,(anonymous_7)
FNDA:36,(anonymous_8)
FNDA:33,(anonymous_9)
DA:3,13
DA:5,13
DA:6,0
DA:9,13
DA:10,13
DA:11,13
DA:14,13
DA:15,6
DA:18,13
DA:19,8
DA:22,13
DA:23,5
DA:24,5
DA:27,13
DA:28,4
DA:29,4
DA:30,4
DA:31,4
DA:34,13
DA:35,39
DA:38,13
DA:39,36
DA:40,36
DA:43,13
DA:44,33
DA:45,33
DA:49,13
DA:51,13
LF:28
LH:27
BRDA:19,0,0,6
BRDA:19,0,1,2
BRDA:31,1,0,2
BRDA:31,1,1,2
BRDA:35,2,0,32
BRDA:35,2,1,7
BRF:6
BRH:6
end_of_record
TN:
SF:servises\trashService.js
FN:2,(anonymous_0)
FN:8,(anonymous_1)
FN:12,(anonymous_2)
FN:16,(anonymous_3)
FN:20,(anonymous_4)
FN:24,(anonymous_5)
FN:26,(anonymous_6)
FN:31,(anonymous_7)
FN:37,(anonymous_8)
FN:45,(anonymous_9)
FN:53,(anonymous_10)
FN:57,(anonymous_11)
FN:59,(anonymous_12)
FN:60,(anonymous_13)
FN:73,(anonymous_14)
FNF:15
FNH:12
FNDA:9,(anonymous_0)
FNDA:2,(anonymous_1)
FNDA:11,(anonymous_2)
FNDA:6,(anonymous_3)
FNDA:20,(anonymous_4)
FNDA:19,(anonymous_5)
FNDA:8,(anonymous_6)
FNDA:4,(anonymous_7)
FNDA:13,(anonymous_8)
FNDA:2,(anonymous_9)
FNDA:0,(anonymous_10)
FNDA:1,(anonymous_11)
FNDA:0,(anonymous_12)
FNDA:0,(anonymous_13)
FNDA:2,(anonymous_14)
DA:3,9
DA:4,9
DA:5,9
DA:8,9
DA:9,2
DA:12,9
DA:13,11
DA:16,9
DA:17,6
DA:20,9
DA:21,20
DA:24,9
DA:25,19
DA:26,19
DA:27,8
DA:31,9
DA:32,4
DA:33,4
DA:34,4
DA:37,9
DA:38,13
DA:39,13
DA:40,1
DA:42,12
DA:45,9
DA:46,2
DA:47,1
DA:49,1
DA:53,9
DA:54,0
DA:57,9
DA:58,1
DA:60,0
DA:61,0
DA:63,0
DA:64,0
DA:66,0
DA:70,1
DA:73,9
DA:74,2
DA:75,2
DA:76,2
DA:78,0
DA:79,0
DA:84,9
DA:86,9
LF:46
LH:38
BRDA:17,0,0,5
BRDA:17,0,1,1
BRDA:39,1,0,1
BRDA:39,1,1,12
BRDA:46,2,0,1
BRDA:46,2,1,1
BRDA:58,3,0,1
BRDA:58,3,1,0
BRDA:63,4,0,0
BRDA:63,4,1,0
BRDA:75,5,0,2
BRDA:75,5,1,0
BRF:12
BRH:8
end_of_record
TN:
SF:servises\warehousesHandler.js
FN:11,(anonymous_0)
FN:15,(anonymous_1)
FN:18,(anonymous_2)
FN:27,(anonymous_3)
FN:28,(anonymous_4)
FN:31,(anonymous_5)
FN:32,(anonymous_6)
FN:34,(anonymous_7)
FN:46,(anonymous_8)
FN:49,(anonymous_9)
FN:65,(anonymous_10)
FN:70,(anonymous_11)
FN:71,(anonymous_12)
FN:74,(anonymous_13)
FN:78,(anonymous_14)
FN:82,(anonymous_15)
FN:86,(anonymous_16)
FN:88,(anonymous_17)
FN:93,(anonymous_18)
FN:97,(anonymous_19)
FN:134,(anonymous_20)
FNF:21
FNH:21
FNDA:11,(anonymous_0)
FNDA:15,(anonymous_1)
FNDA:297,(anonymous_2)
FNDA:5,(anonymous_3)
FNDA:80,(anonymous_4)
FNDA:34,(anonymous_5)
FNDA:442,(anonymous_6)
FNDA:3,(anonymous_7)
FNDA:34,(anonymous_8)
FNDA:7,(anonymous_9)
FNDA:3,(anonymous_10)
FNDA:27,(anonymous_11)
FNDA:14,(anonymous_12)
FNDA:6,(anonymous_13)
FNDA:13,(anonymous_14)
FNDA:12,(anonymous_15)
FNDA:12,(anonymous_16)
FNDA:70,(anonymous_17)
FNDA:12,(anonymous_18)
FNDA:11,(anonymous_19)
FNDA:2,(anonymous_20)
DA:1,11
DA:2,11
DA:3,11
DA:5,11
DA:6,11
DA:7,11
DA:8,11
DA:12,11
DA:15,11
DA:16,15
DA:17,15
DA:18,297
DA:19,43
DA:20,33
DA:22,10
DA:27,11
DA:28,80
DA:31,11
DA:32,442
DA:34,11
DA:35,3
DA:36,3
DA:37,3
DA:38,2
DA:39,2
DA:41,1
DA:42,1
DA:43,1
DA:46,11
DA:47,34
DA:49,11
DA:50,7
DA:51,4
DA:52,4
DA:53,4
DA:54,3
DA:55,1
DA:56,1
DA:57,1
DA:58,2
DA:59,1
DA:61,1
DA:62,2
DA:65,11
DA:66,3
DA:67,3
DA:69,3
DA:70,27
DA:71,14
DA:74,11
DA:75,6
DA:78,11
DA:79,13
DA:82,11
DA:83,12
DA:86,11
DA:87,12
DA:88,12
DA:89,70
DA:93,11
DA:94,12
DA:97,11
DA:98,11
DA:99,11
DA:100,11
DA:103,11
DA:105,3
DA:106,1
DA:109,2
DA:110,1
DA:111,1
DA:112,1
DA:115,1
DA:118,8
DA:119,4
DA:121,4
DA:122,3
DA:123,3
DA:124,3
DA:125,3
DA:128,1
DA:131,4
DA:134,11
DA:135,2
DA:139,11
DA:141,11
LF:86
LH:86
BRDA:18,0,0,297
BRDA:18,0,1,277
BRDA:19,1,0,33
BRDA:19,1,1,10
BRDA:37,2,0,2
BRDA:37,2,1,1
BRDA:50,3,0,4
BRDA:50,3,1,3
BRDA:50,4,0,7
BRDA:50,4,1,5
BRDA:54,5,0,1
BRDA:54,5,1,2
BRDA:54,6,0,3
BRDA:54,6,1,2
BRDA:58,7,0,1
BRDA:58,7,1,1
BRDA:58,8,0,2
BRDA:58,8,1,1
BRDA:69,9,0,3
BRDA:69,9,1,1
BRDA:103,10,0,3
BRDA:103,10,1,8
BRDA:105,11,0,1
BRDA:105,11,1,2
BRDA:109,12,0,1
BRDA:109,12,1,1
BRDA:118,13,0,4
BRDA:118,13,1,4
BRDA:121,14,0,3
BRDA:121,14,1,1
BRDA:123,15,0,1
BRDA:123,15,1,2
BRF:32
BRH:32
end_of_record
